{"E:\\lenovoLaptop\\Desktop\\talab_api\\task1-web-api-bishwashadhikari1\\app.js": {"path":"E:\\lenovoLaptop\\Desktop\\talab_api\\task1-web-api-bishwashadhikari1\\app.js","statementMap":{"0":{"start":{"line":1,"column":16},"end":{"line":1,"column":34}},"1":{"start":{"line":2,"column":17},"end":{"line":2,"column":36}},"2":{"start":{"line":3,"column":15},"end":{"line":3,"column":41}},"3":{"start":{"line":4,"column":13},"end":{"line":4,"column":28}},"4":{"start":{"line":5,"column":13},"end":{"line":5,"column":28}},"5":{"start":{"line":8,"column":0},"end":{"line":8,"column":21}},"6":{"start":{"line":10,"column":12},"end":{"line":10,"column":21}},"7":{"start":{"line":11,"column":0},"end":{"line":11,"column":24}},"8":{"start":{"line":12,"column":0},"end":{"line":12,"column":67}},"9":{"start":{"line":14,"column":0},"end":{"line":14,"column":16}},"10":{"start":{"line":16,"column":43},"end":{"line":16,"column":68}},"11":{"start":{"line":17,"column":21},"end":{"line":17,"column":48}},"12":{"start":{"line":18,"column":23},"end":{"line":18,"column":52}},"13":{"start":{"line":19,"column":26},"end":{"line":19,"column":58}},"14":{"start":{"line":20,"column":19},"end":{"line":20,"column":101}},"15":{"start":{"line":21,"column":20},"end":{"line":21,"column":45}},"16":{"start":{"line":23,"column":0},"end":{"line":28,"column":69}},"17":{"start":{"line":27,"column":12},"end":{"line":27,"column":44}},"18":{"start":{"line":28,"column":18},"end":{"line":28,"column":67}},"19":{"start":{"line":30,"column":0},"end":{"line":30,"column":35}},"20":{"start":{"line":31,"column":0},"end":{"line":31,"column":39}},"21":{"start":{"line":32,"column":0},"end":{"line":32,"column":43}},"22":{"start":{"line":33,"column":0},"end":{"line":33,"column":48}},"23":{"start":{"line":34,"column":0},"end":{"line":34,"column":35}},"24":{"start":{"line":36,"column":0},"end":{"line":36,"column":21}}},"fnMap":{"0":{"name":"(anonymous_0)","decl":{"start":{"line":27,"column":6},"end":{"line":27,"column":7}},"loc":{"start":{"line":27,"column":12},"end":{"line":27,"column":44}},"line":27},"1":{"name":"(anonymous_1)","decl":{"start":{"line":28,"column":7},"end":{"line":28,"column":8}},"loc":{"start":{"line":28,"column":18},"end":{"line":28,"column":67}},"line":28}},"branchMap":{"0":{"loc":{"start":{"line":20,"column":19},"end":{"line":20,"column":101}},"type":"cond-expr","locations":[{"start":{"line":20,"column":53},"end":{"line":20,"column":75}},{"start":{"line":20,"column":78},"end":{"line":20,"column":101}}],"line":20}},"s":{"0":6,"1":6,"2":6,"3":6,"4":6,"5":6,"6":6,"7":6,"8":6,"9":6,"10":6,"11":6,"12":6,"13":6,"14":6,"15":6,"16":6,"17":0,"18":6,"19":6,"20":6,"21":6,"22":6,"23":6,"24":6},"f":{"0":0,"1":6},"b":{"0":[6,0]},"_coverageSchema":"1a1c01bbd47fc00a2c39e90264f33305004495a9","hash":"076280e1939179f1e4eb2be6a7c2df23d6c57c2b"}
,"E:\\lenovoLaptop\\Desktop\\talab_api\\task1-web-api-bishwashadhikari1\\cronJob.js": {"path":"E:\\lenovoLaptop\\Desktop\\talab_api\\task1-web-api-bishwashadhikari1\\cronJob.js","statementMap":{"0":{"start":{"line":1,"column":13},"end":{"line":1,"column":33}},"1":{"start":{"line":2,"column":17},"end":{"line":2,"column":45}},"2":{"start":{"line":3,"column":15},"end":{"line":3,"column":41}},"3":{"start":{"line":4,"column":20},"end":{"line":4,"column":51}},"4":{"start":{"line":7,"column":25},"end":{"line":7,"column":67}},"5":{"start":{"line":9,"column":4},"end":{"line":10,"column":23}},"6":{"start":{"line":12,"column":2},"end":{"line":37,"column":3}},"7":{"start":{"line":14,"column":29},"end":{"line":14,"column":75}},"8":{"start":{"line":16,"column":24},"end":{"line":23,"column":6}},"9":{"start":{"line":25,"column":27},"end":{"line":25,"column":51}},"10":{"start":{"line":26,"column":27},"end":{"line":26,"column":74}},"11":{"start":{"line":27,"column":27},"end":{"line":27,"column":74}},"12":{"start":{"line":29,"column":4},"end":{"line":29,"column":52}},"13":{"start":{"line":30,"column":4},"end":{"line":30,"column":52}},"14":{"start":{"line":32,"column":4},"end":{"line":32,"column":32}},"15":{"start":{"line":33,"column":4},"end":{"line":33,"column":32}},"16":{"start":{"line":35,"column":4},"end":{"line":35,"column":53}},"17":{"start":{"line":36,"column":4},"end":{"line":36,"column":26}},"18":{"start":{"line":41,"column":2},"end":{"line":48,"column":3}},"19":{"start":{"line":46,"column":4},"end":{"line":46,"column":30}},"20":{"start":{"line":47,"column":4},"end":{"line":47,"column":26}},"21":{"start":{"line":52,"column":22},"end":{"line":59,"column":4}},"22":{"start":{"line":61,"column":25},"end":{"line":61,"column":49}},"23":{"start":{"line":62,"column":25},"end":{"line":62,"column":72}},"24":{"start":{"line":63,"column":25},"end":{"line":63,"column":72}},"25":{"start":{"line":65,"column":2},"end":{"line":65,"column":50}},"26":{"start":{"line":66,"column":2},"end":{"line":66,"column":50}},"27":{"start":{"line":68,"column":2},"end":{"line":68,"column":30}},"28":{"start":{"line":69,"column":2},"end":{"line":69,"column":30}},"29":{"start":{"line":71,"column":2},"end":{"line":71,"column":51}},"30":{"start":{"line":72,"column":2},"end":{"line":72,"column":24}},"31":{"start":{"line":74,"column":2},"end":{"line":74,"column":24}},"32":{"start":{"line":78,"column":26},"end":{"line":80,"column":3}},"33":{"start":{"line":82,"column":2},"end":{"line":86,"column":3}},"34":{"start":{"line":83,"column":4},"end":{"line":83,"column":31}},"35":{"start":{"line":84,"column":4},"end":{"line":84,"column":30}},"36":{"start":{"line":85,"column":4},"end":{"line":85,"column":26}},"37":{"start":{"line":88,"column":0},"end":{"line":124,"column":2}},"38":{"start":{"line":92,"column":4},"end":{"line":118,"column":5}},"39":{"start":{"line":93,"column":6},"end":{"line":93,"column":60}},"40":{"start":{"line":95,"column":18},"end":{"line":95,"column":28}},"41":{"start":{"line":97,"column":24},"end":{"line":97,"column":47}},"42":{"start":{"line":98,"column":6},"end":{"line":100,"column":7}},"43":{"start":{"line":99,"column":8},"end":{"line":99,"column":60}},"44":{"start":{"line":102,"column":30},"end":{"line":107,"column":8}},"45":{"start":{"line":108,"column":6},"end":{"line":108,"column":54}},"46":{"start":{"line":110,"column":6},"end":{"line":115,"column":7}},"47":{"start":{"line":111,"column":8},"end":{"line":111,"column":74}},"48":{"start":{"line":112,"column":8},"end":{"line":112,"column":53}},"49":{"start":{"line":114,"column":8},"end":{"line":114,"column":49}},"50":{"start":{"line":117,"column":6},"end":{"line":117,"column":55}}},"fnMap":{"0":{"name":"checkAndCommitTransactionAmount","decl":{"start":{"line":6,"column":15},"end":{"line":6,"column":46}},"loc":{"start":{"line":6,"column":70},"end":{"line":38,"column":1}},"line":6},"1":{"name":"checkAndUpdateContractActivity","decl":{"start":{"line":40,"column":15},"end":{"line":40,"column":45}},"loc":{"start":{"line":40,"column":69},"end":{"line":49,"column":1}},"line":40},"2":{"name":"createTransactionForContract","decl":{"start":{"line":51,"column":15},"end":{"line":51,"column":43}},"loc":{"start":{"line":51,"column":54},"end":{"line":75,"column":1}},"line":51},"3":{"name":"checkContractExpiry","decl":{"start":{"line":77,"column":15},"end":{"line":77,"column":34}},"loc":{"start":{"line":77,"column":58},"end":{"line":87,"column":1}},"line":77},"4":{"name":"(anonymous_4)","decl":{"start":{"line":90,"column":2},"end":{"line":90,"column":3}},"loc":{"start":{"line":90,"column":14},"end":{"line":119,"column":3}},"line":90}},"branchMap":{"0":{"loc":{"start":{"line":12,"column":2},"end":{"line":37,"column":3}},"type":"if","locations":[{"start":{"line":12,"column":2},"end":{"line":37,"column":3}},{"start":{},"end":{}}],"line":12},"1":{"loc":{"start":{"line":41,"column":2},"end":{"line":48,"column":3}},"type":"if","locations":[{"start":{"line":41,"column":2},"end":{"line":48,"column":3}},{"start":{},"end":{}}],"line":41},"2":{"loc":{"start":{"line":42,"column":4},"end":{"line":44,"column":37}},"type":"binary-expr","locations":[{"start":{"line":42,"column":4},"end":{"line":42,"column":23}},{"start":{"line":43,"column":4},"end":{"line":43,"column":23}},{"start":{"line":44,"column":4},"end":{"line":44,"column":37}}],"line":42},"3":{"loc":{"start":{"line":82,"column":2},"end":{"line":86,"column":3}},"type":"if","locations":[{"start":{"line":82,"column":2},"end":{"line":86,"column":3}},{"start":{},"end":{}}],"line":82}},"s":{"0":6,"1":6,"2":6,"3":6,"4":0,"5":0,"6":0,"7":0,"8":0,"9":0,"10":0,"11":0,"12":0,"13":0,"14":0,"15":0,"16":0,"17":0,"18":0,"19":0,"20":0,"21":0,"22":0,"23":0,"24":0,"25":0,"26":0,"27":0,"28":0,"29":0,"30":0,"31":0,"32":0,"33":0,"34":0,"35":0,"36":0,"37":6,"38":5,"39":5,"40":5,"41":5,"42":0,"43":0,"44":0,"45":0,"46":0,"47":0,"48":0,"49":0,"50":4},"f":{"0":0,"1":0,"2":0,"3":0,"4":5},"b":{"0":[0,0],"1":[0,0],"2":[0,0,0],"3":[0,0]},"_coverageSchema":"1a1c01bbd47fc00a2c39e90264f33305004495a9","hash":"1c4c48f33bdf4e2aad41422e96a4bfb86aa9253f"}
,"E:\\lenovoLaptop\\Desktop\\talab_api\\task1-web-api-bishwashadhikari1\\middlewares\\upload_docs.js": {"path":"E:\\lenovoLaptop\\Desktop\\talab_api\\task1-web-api-bishwashadhikari1\\middlewares\\upload_docs.js","statementMap":{"0":{"start":{"line":1,"column":15},"end":{"line":1,"column":32}},"1":{"start":{"line":2,"column":16},"end":{"line":2,"column":31}},"2":{"start":{"line":3,"column":13},"end":{"line":3,"column":28}},"3":{"start":{"line":5,"column":16},"end":{"line":13,"column":2}},"4":{"start":{"line":7,"column":4},"end":{"line":7,"column":41}},"5":{"start":{"line":10,"column":14},"end":{"line":10,"column":45}},"6":{"start":{"line":11,"column":4},"end":{"line":11,"column":40}},"7":{"start":{"line":15,"column":24},"end":{"line":20,"column":1}},"8":{"start":{"line":16,"column":2},"end":{"line":18,"column":3}},"9":{"start":{"line":17,"column":4},"end":{"line":17,"column":62}},"10":{"start":{"line":19,"column":2},"end":{"line":19,"column":17}},"11":{"start":{"line":22,"column":19},"end":{"line":26,"column":21}},"12":{"start":{"line":28,"column":0},"end":{"line":28,"column":28}}},"fnMap":{"0":{"name":"(anonymous_0)","decl":{"start":{"line":6,"column":15},"end":{"line":6,"column":16}},"loc":{"start":{"line":6,"column":34},"end":{"line":8,"column":3}},"line":6},"1":{"name":"(anonymous_1)","decl":{"start":{"line":9,"column":12},"end":{"line":9,"column":13}},"loc":{"start":{"line":9,"column":31},"end":{"line":12,"column":3}},"line":9},"2":{"name":"(anonymous_2)","decl":{"start":{"line":15,"column":24},"end":{"line":15,"column":25}},"loc":{"start":{"line":15,"column":43},"end":{"line":20,"column":1}},"line":15}},"branchMap":{"0":{"loc":{"start":{"line":16,"column":2},"end":{"line":18,"column":3}},"type":"if","locations":[{"start":{"line":16,"column":2},"end":{"line":18,"column":3}},{"start":{},"end":{}}],"line":16}},"s":{"0":6,"1":6,"2":6,"3":6,"4":0,"5":0,"6":0,"7":6,"8":0,"9":0,"10":0,"11":6,"12":6},"f":{"0":0,"1":0,"2":0},"b":{"0":[0,0]},"_coverageSchema":"1a1c01bbd47fc00a2c39e90264f33305004495a9","hash":"6b097e93a8045e6ddb251653dd8b70b5787f4694"}
,"E:\\lenovoLaptop\\Desktop\\talab_api\\task1-web-api-bishwashadhikari1\\middlewares\\upload_profile_pic.js": {"path":"E:\\lenovoLaptop\\Desktop\\talab_api\\task1-web-api-bishwashadhikari1\\middlewares\\upload_profile_pic.js","statementMap":{"0":{"start":{"line":1,"column":15},"end":{"line":1,"column":32}},"1":{"start":{"line":2,"column":16},"end":{"line":2,"column":31}},"2":{"start":{"line":3,"column":13},"end":{"line":3,"column":28}},"3":{"start":{"line":5,"column":16},"end":{"line":13,"column":2}},"4":{"start":{"line":7,"column":4},"end":{"line":7,"column":47}},"5":{"start":{"line":10,"column":14},"end":{"line":10,"column":45}},"6":{"start":{"line":11,"column":4},"end":{"line":11,"column":40}},"7":{"start":{"line":15,"column":24},"end":{"line":20,"column":1}},"8":{"start":{"line":16,"column":2},"end":{"line":18,"column":3}},"9":{"start":{"line":17,"column":4},"end":{"line":17,"column":62}},"10":{"start":{"line":19,"column":2},"end":{"line":19,"column":17}},"11":{"start":{"line":22,"column":25},"end":{"line":26,"column":27}},"12":{"start":{"line":28,"column":0},"end":{"line":28,"column":34}}},"fnMap":{"0":{"name":"(anonymous_0)","decl":{"start":{"line":6,"column":15},"end":{"line":6,"column":16}},"loc":{"start":{"line":6,"column":34},"end":{"line":8,"column":3}},"line":6},"1":{"name":"(anonymous_1)","decl":{"start":{"line":9,"column":12},"end":{"line":9,"column":13}},"loc":{"start":{"line":9,"column":31},"end":{"line":12,"column":3}},"line":9},"2":{"name":"(anonymous_2)","decl":{"start":{"line":15,"column":24},"end":{"line":15,"column":25}},"loc":{"start":{"line":15,"column":43},"end":{"line":20,"column":1}},"line":15}},"branchMap":{"0":{"loc":{"start":{"line":16,"column":2},"end":{"line":18,"column":3}},"type":"if","locations":[{"start":{"line":16,"column":2},"end":{"line":18,"column":3}},{"start":{},"end":{}}],"line":16}},"s":{"0":6,"1":6,"2":6,"3":6,"4":0,"5":0,"6":0,"7":6,"8":0,"9":0,"10":0,"11":6,"12":6},"f":{"0":0,"1":0,"2":0},"b":{"0":[0,0]},"_coverageSchema":"1a1c01bbd47fc00a2c39e90264f33305004495a9","hash":"a507d5a9082e61dee82decbe202a8127d91a9bcb"}
,"E:\\lenovoLaptop\\Desktop\\talab_api\\task1-web-api-bishwashadhikari1\\models\\admin.js": {"path":"E:\\lenovoLaptop\\Desktop\\talab_api\\task1-web-api-bishwashadhikari1\\models\\admin.js","statementMap":{"0":{"start":{"line":1,"column":17},"end":{"line":1,"column":36}},"1":{"start":{"line":2,"column":15},"end":{"line":2,"column":32}},"2":{"start":{"line":4,"column":20},"end":{"line":17,"column":1}},"3":{"start":{"line":22,"column":14},"end":{"line":22,"column":50}},"4":{"start":{"line":23,"column":0},"end":{"line":23,"column":23}}},"fnMap":{},"branchMap":{},"s":{"0":6,"1":6,"2":6,"3":6,"4":6},"f":{},"b":{},"_coverageSchema":"1a1c01bbd47fc00a2c39e90264f33305004495a9","hash":"68b7ef15b47349f3f5c0a88e2324c60e8a1f62f2"}
,"E:\\lenovoLaptop\\Desktop\\talab_api\\task1-web-api-bishwashadhikari1\\models\\contract.js": {"path":"E:\\lenovoLaptop\\Desktop\\talab_api\\task1-web-api-bishwashadhikari1\\models\\contract.js","statementMap":{"0":{"start":{"line":1,"column":17},"end":{"line":1,"column":36}},"1":{"start":{"line":3,"column":23},"end":{"line":87,"column":2}},"2":{"start":{"line":89,"column":17},"end":{"line":89,"column":59}},"3":{"start":{"line":91,"column":0},"end":{"line":91,"column":26}}},"fnMap":{},"branchMap":{},"s":{"0":6,"1":6,"2":6,"3":6},"f":{},"b":{},"_coverageSchema":"1a1c01bbd47fc00a2c39e90264f33305004495a9","hash":"e8b40e62d9422002a29df92169299f073ba44a23"}
,"E:\\lenovoLaptop\\Desktop\\talab_api\\task1-web-api-bishwashadhikari1\\models\\transaction.js": {"path":"E:\\lenovoLaptop\\Desktop\\talab_api\\task1-web-api-bishwashadhikari1\\models\\transaction.js","statementMap":{"0":{"start":{"line":1,"column":17},"end":{"line":1,"column":36}},"1":{"start":{"line":3,"column":26},"end":{"line":47,"column":2}},"2":{"start":{"line":27,"column":8},"end":{"line":27,"column":40}},"3":{"start":{"line":36,"column":8},"end":{"line":36,"column":40}},"4":{"start":{"line":43,"column":8},"end":{"line":43,"column":40}},"5":{"start":{"line":49,"column":20},"end":{"line":49,"column":68}},"6":{"start":{"line":51,"column":0},"end":{"line":51,"column":29}}},"fnMap":{"0":{"name":"(anonymous_0)","decl":{"start":{"line":26,"column":16},"end":{"line":26,"column":17}},"loc":{"start":{"line":26,"column":28},"end":{"line":28,"column":7}},"line":26},"1":{"name":"(anonymous_1)","decl":{"start":{"line":35,"column":16},"end":{"line":35,"column":17}},"loc":{"start":{"line":35,"column":28},"end":{"line":37,"column":7}},"line":35},"2":{"name":"(anonymous_2)","decl":{"start":{"line":42,"column":16},"end":{"line":42,"column":17}},"loc":{"start":{"line":42,"column":28},"end":{"line":44,"column":7}},"line":42}},"branchMap":{},"s":{"0":6,"1":6,"2":0,"3":0,"4":0,"5":6,"6":6},"f":{"0":0,"1":0,"2":0},"b":{},"_coverageSchema":"1a1c01bbd47fc00a2c39e90264f33305004495a9","hash":"8e7ee86ecfe68fc41325e37b84533eff4171d6d7"}
,"E:\\lenovoLaptop\\Desktop\\talab_api\\task1-web-api-bishwashadhikari1\\models\\user.js": {"path":"E:\\lenovoLaptop\\Desktop\\talab_api\\task1-web-api-bishwashadhikari1\\models\\user.js","statementMap":{"0":{"start":{"line":1,"column":17},"end":{"line":1,"column":36}},"1":{"start":{"line":3,"column":19},"end":{"line":66,"column":2}},"2":{"start":{"line":70,"column":13},"end":{"line":70,"column":47}},"3":{"start":{"line":72,"column":0},"end":{"line":72,"column":22}}},"fnMap":{},"branchMap":{},"s":{"0":6,"1":6,"2":6,"3":6},"f":{},"b":{},"_coverageSchema":"1a1c01bbd47fc00a2c39e90264f33305004495a9","hash":"83fc894431c9bc808adeadfe738d01ad750bc53d"}
,"E:\\lenovoLaptop\\Desktop\\talab_api\\task1-web-api-bishwashadhikari1\\models\\wallet.js": {"path":"E:\\lenovoLaptop\\Desktop\\talab_api\\task1-web-api-bishwashadhikari1\\models\\wallet.js","statementMap":{"0":{"start":{"line":1,"column":17},"end":{"line":1,"column":36}},"1":{"start":{"line":3,"column":21},"end":{"line":18,"column":2}},"2":{"start":{"line":16,"column":14},"end":{"line":16,"column":38}},"3":{"start":{"line":20,"column":15},"end":{"line":20,"column":53}},"4":{"start":{"line":21,"column":0},"end":{"line":21,"column":24}}},"fnMap":{"0":{"name":"(anonymous_0)","decl":{"start":{"line":16,"column":9},"end":{"line":16,"column":10}},"loc":{"start":{"line":16,"column":14},"end":{"line":16,"column":38}},"line":16}},"branchMap":{},"s":{"0":6,"1":6,"2":0,"3":6,"4":6},"f":{"0":0},"b":{},"_coverageSchema":"1a1c01bbd47fc00a2c39e90264f33305004495a9","hash":"48f27eb9935b12a13ff048ef9682a037d3e2b661"}
,"E:\\lenovoLaptop\\Desktop\\talab_api\\task1-web-api-bishwashadhikari1\\routes\\admin.js": {"path":"E:\\lenovoLaptop\\Desktop\\talab_api\\task1-web-api-bishwashadhikari1\\routes\\admin.js","statementMap":{"0":{"start":{"line":1,"column":16},"end":{"line":1,"column":34}},"1":{"start":{"line":2,"column":20},"end":{"line":2,"column":36}},"2":{"start":{"line":3,"column":14},"end":{"line":3,"column":40}},"3":{"start":{"line":4,"column":12},"end":{"line":4,"column":35}},"4":{"start":{"line":5,"column":15},"end":{"line":5,"column":32}},"5":{"start":{"line":6,"column":17},"end":{"line":6,"column":46}},"6":{"start":{"line":7,"column":13},"end":{"line":7,"column":38}},"7":{"start":{"line":8,"column":20},"end":{"line":8,"column":52}},"8":{"start":{"line":11,"column":22},"end":{"line":11,"column":47}},"9":{"start":{"line":13,"column":2},"end":{"line":15,"column":3}},"10":{"start":{"line":14,"column":4},"end":{"line":14,"column":77}},"11":{"start":{"line":18,"column":16},"end":{"line":18,"column":41}},"12":{"start":{"line":20,"column":2},"end":{"line":27,"column":3}},"13":{"start":{"line":21,"column":20},"end":{"line":21,"column":62}},"14":{"start":{"line":22,"column":4},"end":{"line":22,"column":23}},"15":{"start":{"line":24,"column":4},"end":{"line":24,"column":11}},"16":{"start":{"line":26,"column":4},"end":{"line":26,"column":53}},"17":{"start":{"line":30,"column":0},"end":{"line":57,"column":3}},"18":{"start":{"line":31,"column":2},"end":{"line":56,"column":3}},"19":{"start":{"line":32,"column":32},"end":{"line":32,"column":40}},"20":{"start":{"line":34,"column":25},"end":{"line":34,"column":55}},"21":{"start":{"line":35,"column":4},"end":{"line":37,"column":5}},"22":{"start":{"line":36,"column":6},"end":{"line":36,"column":70}},"23":{"start":{"line":41,"column":17},"end":{"line":41,"column":41}},"24":{"start":{"line":42,"column":27},"end":{"line":42,"column":60}},"25":{"start":{"line":44,"column":21},"end":{"line":47,"column":6}},"26":{"start":{"line":49,"column":23},"end":{"line":49,"column":44}},"27":{"start":{"line":51,"column":4},"end":{"line":53,"column":76}},"28":{"start":{"line":55,"column":4},"end":{"line":55,"column":51}},"29":{"start":{"line":59,"column":0},"end":{"line":87,"column":3}},"30":{"start":{"line":60,"column":2},"end":{"line":86,"column":3}},"31":{"start":{"line":61,"column":22},"end":{"line":61,"column":30}},"32":{"start":{"line":63,"column":18},"end":{"line":63,"column":48}},"33":{"start":{"line":64,"column":4},"end":{"line":66,"column":5}},"34":{"start":{"line":65,"column":6},"end":{"line":65,"column":62}},"35":{"start":{"line":68,"column":20},"end":{"line":68,"column":75}},"36":{"start":{"line":69,"column":4},"end":{"line":71,"column":5}},"37":{"start":{"line":70,"column":6},"end":{"line":70,"column":65}},"38":{"start":{"line":72,"column":18},"end":{"line":79,"column":5}},"39":{"start":{"line":81,"column":4},"end":{"line":81,"column":23}},"40":{"start":{"line":83,"column":4},"end":{"line":83,"column":49}},"41":{"start":{"line":85,"column":4},"end":{"line":85,"column":51}},"42":{"start":{"line":89,"column":0},"end":{"line":105,"column":3}},"43":{"start":{"line":90,"column":22},"end":{"line":90,"column":47}},"44":{"start":{"line":92,"column":2},"end":{"line":94,"column":3}},"45":{"start":{"line":93,"column":4},"end":{"line":93,"column":77}},"46":{"start":{"line":96,"column":16},"end":{"line":96,"column":41}},"47":{"start":{"line":98,"column":2},"end":{"line":104,"column":3}},"48":{"start":{"line":99,"column":20},"end":{"line":99,"column":62}},"49":{"start":{"line":100,"column":4},"end":{"line":100,"column":23}},"50":{"start":{"line":101,"column":4},"end":{"line":101,"column":34}},"51":{"start":{"line":103,"column":4},"end":{"line":103,"column":53}},"52":{"start":{"line":108,"column":0},"end":{"line":111,"column":3}},"53":{"start":{"line":109,"column":16},"end":{"line":109,"column":35}},"54":{"start":{"line":110,"column":2},"end":{"line":110,"column":37}},"55":{"start":{"line":114,"column":0},"end":{"line":117,"column":3}},"56":{"start":{"line":115,"column":16},"end":{"line":115,"column":53}},"57":{"start":{"line":116,"column":2},"end":{"line":116,"column":37}},"58":{"start":{"line":120,"column":0},"end":{"line":123,"column":3}},"59":{"start":{"line":121,"column":16},"end":{"line":121,"column":52}},"60":{"start":{"line":122,"column":2},"end":{"line":122,"column":37}},"61":{"start":{"line":129,"column":0},"end":{"line":136,"column":3}},"62":{"start":{"line":130,"column":2},"end":{"line":135,"column":3}},"63":{"start":{"line":131,"column":22},"end":{"line":131,"column":43}},"64":{"start":{"line":132,"column":4},"end":{"line":132,"column":24}},"65":{"start":{"line":134,"column":4},"end":{"line":134,"column":51}},"66":{"start":{"line":139,"column":0},"end":{"line":146,"column":3}},"67":{"start":{"line":140,"column":2},"end":{"line":145,"column":3}},"68":{"start":{"line":141,"column":22},"end":{"line":141,"column":63}},"69":{"start":{"line":142,"column":4},"end":{"line":142,"column":24}},"70":{"start":{"line":144,"column":4},"end":{"line":144,"column":51}},"71":{"start":{"line":149,"column":0},"end":{"line":160,"column":3}},"72":{"start":{"line":150,"column":2},"end":{"line":152,"column":3}},"73":{"start":{"line":151,"column":4},"end":{"line":151,"column":42}},"74":{"start":{"line":154,"column":2},"end":{"line":159,"column":3}},"75":{"start":{"line":155,"column":26},"end":{"line":155,"column":49}},"76":{"start":{"line":156,"column":4},"end":{"line":156,"column":40}},"77":{"start":{"line":158,"column":4},"end":{"line":158,"column":51}},"78":{"start":{"line":163,"column":0},"end":{"line":173,"column":3}},"79":{"start":{"line":164,"column":2},"end":{"line":172,"column":3}},"80":{"start":{"line":165,"column":22},"end":{"line":165,"column":43}},"81":{"start":{"line":166,"column":35},"end":{"line":168,"column":9}},"82":{"start":{"line":167,"column":6},"end":{"line":167,"column":43}},"83":{"start":{"line":169,"column":4},"end":{"line":169,"column":41}},"84":{"start":{"line":171,"column":4},"end":{"line":171,"column":51}},"85":{"start":{"line":178,"column":0},"end":{"line":205,"column":3}},"86":{"start":{"line":180,"column":2},"end":{"line":204,"column":3}},"87":{"start":{"line":181,"column":19},"end":{"line":181,"column":57}},"88":{"start":{"line":182,"column":4},"end":{"line":183,"column":69}},"89":{"start":{"line":183,"column":6},"end":{"line":183,"column":69}},"90":{"start":{"line":187,"column":4},"end":{"line":192,"column":5}},"91":{"start":{"line":189,"column":6},"end":{"line":191,"column":7}},"92":{"start":{"line":190,"column":8},"end":{"line":190,"column":38}},"93":{"start":{"line":195,"column":4},"end":{"line":198,"column":5}},"94":{"start":{"line":196,"column":29},"end":{"line":196,"column":72}},"95":{"start":{"line":197,"column":6},"end":{"line":197,"column":91}},"96":{"start":{"line":200,"column":28},"end":{"line":200,"column":49}},"97":{"start":{"line":201,"column":4},"end":{"line":201,"column":42}},"98":{"start":{"line":203,"column":4},"end":{"line":203,"column":51}},"99":{"start":{"line":211,"column":0},"end":{"line":219,"column":3}},"100":{"start":{"line":212,"column":2},"end":{"line":218,"column":3}},"101":{"start":{"line":213,"column":25},"end":{"line":213,"column":63}},"102":{"start":{"line":214,"column":4},"end":{"line":214,"column":29}},"103":{"start":{"line":215,"column":4},"end":{"line":215,"column":46}},"104":{"start":{"line":217,"column":4},"end":{"line":217,"column":51}},"105":{"start":{"line":222,"column":0},"end":{"line":243,"column":3}},"106":{"start":{"line":225,"column":2},"end":{"line":242,"column":3}},"107":{"start":{"line":226,"column":19},"end":{"line":226,"column":51}},"108":{"start":{"line":229,"column":4},"end":{"line":229,"column":30}},"109":{"start":{"line":232,"column":4},"end":{"line":237,"column":5}},"110":{"start":{"line":234,"column":6},"end":{"line":236,"column":7}},"111":{"start":{"line":235,"column":8},"end":{"line":235,"column":38}},"112":{"start":{"line":238,"column":28},"end":{"line":238,"column":49}},"113":{"start":{"line":239,"column":4},"end":{"line":239,"column":42}},"114":{"start":{"line":241,"column":4},"end":{"line":241,"column":51}},"115":{"start":{"line":250,"column":0},"end":{"line":250,"column":29}}},"fnMap":{"0":{"name":"authenticateAdmin","decl":{"start":{"line":10,"column":9},"end":{"line":10,"column":26}},"loc":{"start":{"line":10,"column":43},"end":{"line":28,"column":1}},"line":10},"1":{"name":"(anonymous_1)","decl":{"start":{"line":30,"column":30},"end":{"line":30,"column":31}},"loc":{"start":{"line":30,"column":50},"end":{"line":57,"column":1}},"line":30},"2":{"name":"(anonymous_2)","decl":{"start":{"line":59,"column":27},"end":{"line":59,"column":28}},"loc":{"start":{"line":59,"column":47},"end":{"line":87,"column":1}},"line":59},"3":{"name":"(anonymous_3)","decl":{"start":{"line":89,"column":36},"end":{"line":89,"column":37}},"loc":{"start":{"line":89,"column":56},"end":{"line":105,"column":1}},"line":89},"4":{"name":"(anonymous_4)","decl":{"start":{"line":108,"column":45},"end":{"line":108,"column":46}},"loc":{"start":{"line":108,"column":65},"end":{"line":111,"column":1}},"line":108},"5":{"name":"(anonymous_5)","decl":{"start":{"line":114,"column":55},"end":{"line":114,"column":56}},"loc":{"start":{"line":114,"column":75},"end":{"line":117,"column":1}},"line":114},"6":{"name":"(anonymous_6)","decl":{"start":{"line":120,"column":55},"end":{"line":120,"column":56}},"loc":{"start":{"line":120,"column":75},"end":{"line":123,"column":1}},"line":120},"7":{"name":"(anonymous_7)","decl":{"start":{"line":129,"column":40},"end":{"line":129,"column":41}},"loc":{"start":{"line":129,"column":60},"end":{"line":136,"column":1}},"line":129},"8":{"name":"(anonymous_8)","decl":{"start":{"line":139,"column":46},"end":{"line":139,"column":47}},"loc":{"start":{"line":139,"column":66},"end":{"line":146,"column":1}},"line":139},"9":{"name":"(anonymous_9)","decl":{"start":{"line":149,"column":53},"end":{"line":149,"column":54}},"loc":{"start":{"line":149,"column":73},"end":{"line":160,"column":1}},"line":149},"10":{"name":"(anonymous_10)","decl":{"start":{"line":163,"column":62},"end":{"line":163,"column":63}},"loc":{"start":{"line":163,"column":82},"end":{"line":173,"column":1}},"line":163},"11":{"name":"(anonymous_11)","decl":{"start":{"line":166,"column":52},"end":{"line":166,"column":53}},"loc":{"start":{"line":166,"column":71},"end":{"line":168,"column":5}},"line":166},"12":{"name":"(anonymous_12)","decl":{"start":{"line":178,"column":53},"end":{"line":178,"column":54}},"loc":{"start":{"line":178,"column":73},"end":{"line":205,"column":1}},"line":178},"13":{"name":"(anonymous_13)","decl":{"start":{"line":211,"column":56},"end":{"line":211,"column":57}},"loc":{"start":{"line":211,"column":76},"end":{"line":219,"column":1}},"line":211},"14":{"name":"(anonymous_14)","decl":{"start":{"line":222,"column":59},"end":{"line":222,"column":60}},"loc":{"start":{"line":222,"column":79},"end":{"line":243,"column":1}},"line":222}},"branchMap":{"0":{"loc":{"start":{"line":13,"column":2},"end":{"line":15,"column":3}},"type":"if","locations":[{"start":{"line":13,"column":2},"end":{"line":15,"column":3}},{"start":{},"end":{}}],"line":13},"1":{"loc":{"start":{"line":35,"column":4},"end":{"line":37,"column":5}},"type":"if","locations":[{"start":{"line":35,"column":4},"end":{"line":37,"column":5}},{"start":{},"end":{}}],"line":35},"2":{"loc":{"start":{"line":64,"column":4},"end":{"line":66,"column":5}},"type":"if","locations":[{"start":{"line":64,"column":4},"end":{"line":66,"column":5}},{"start":{},"end":{}}],"line":64},"3":{"loc":{"start":{"line":69,"column":4},"end":{"line":71,"column":5}},"type":"if","locations":[{"start":{"line":69,"column":4},"end":{"line":71,"column":5}},{"start":{},"end":{}}],"line":69},"4":{"loc":{"start":{"line":92,"column":2},"end":{"line":94,"column":3}},"type":"if","locations":[{"start":{"line":92,"column":2},"end":{"line":94,"column":3}},{"start":{},"end":{}}],"line":92},"5":{"loc":{"start":{"line":150,"column":2},"end":{"line":152,"column":3}},"type":"if","locations":[{"start":{"line":150,"column":2},"end":{"line":152,"column":3}},{"start":{},"end":{}}],"line":150},"6":{"loc":{"start":{"line":182,"column":4},"end":{"line":183,"column":69}},"type":"if","locations":[{"start":{"line":182,"column":4},"end":{"line":183,"column":69}},{"start":{},"end":{}}],"line":182},"7":{"loc":{"start":{"line":189,"column":6},"end":{"line":191,"column":7}},"type":"if","locations":[{"start":{"line":189,"column":6},"end":{"line":191,"column":7}},{"start":{},"end":{}}],"line":189},"8":{"loc":{"start":{"line":195,"column":4},"end":{"line":198,"column":5}},"type":"if","locations":[{"start":{"line":195,"column":4},"end":{"line":198,"column":5}},{"start":{},"end":{}}],"line":195},"9":{"loc":{"start":{"line":195,"column":8},"end":{"line":195,"column":78}},"type":"binary-expr","locations":[{"start":{"line":195,"column":8},"end":{"line":195,"column":43}},{"start":{"line":195,"column":47},"end":{"line":195,"column":78}}],"line":195},"10":{"loc":{"start":{"line":234,"column":6},"end":{"line":236,"column":7}},"type":"if","locations":[{"start":{"line":234,"column":6},"end":{"line":236,"column":7}},{"start":{},"end":{}}],"line":234}},"s":{"0":6,"1":6,"2":6,"3":6,"4":6,"5":6,"6":6,"7":6,"8":0,"9":0,"10":0,"11":0,"12":0,"13":0,"14":0,"15":0,"16":0,"17":6,"18":0,"19":0,"20":0,"21":0,"22":0,"23":0,"24":0,"25":0,"26":0,"27":0,"28":0,"29":6,"30":0,"31":0,"32":0,"33":0,"34":0,"35":0,"36":0,"37":0,"38":0,"39":0,"40":0,"41":0,"42":6,"43":0,"44":0,"45":0,"46":0,"47":0,"48":0,"49":0,"50":0,"51":0,"52":6,"53":0,"54":0,"55":6,"56":0,"57":0,"58":6,"59":0,"60":0,"61":6,"62":0,"63":0,"64":0,"65":0,"66":6,"67":0,"68":0,"69":0,"70":0,"71":6,"72":0,"73":0,"74":0,"75":0,"76":0,"77":0,"78":6,"79":0,"80":0,"81":0,"82":0,"83":0,"84":0,"85":6,"86":0,"87":0,"88":0,"89":0,"90":0,"91":0,"92":0,"93":0,"94":0,"95":0,"96":0,"97":0,"98":0,"99":6,"100":0,"101":0,"102":0,"103":0,"104":0,"105":6,"106":0,"107":0,"108":0,"109":0,"110":0,"111":0,"112":0,"113":0,"114":0,"115":6},"f":{"0":0,"1":0,"2":0,"3":0,"4":0,"5":0,"6":0,"7":0,"8":0,"9":0,"10":0,"11":0,"12":0,"13":0,"14":0},"b":{"0":[0,0],"1":[0,0],"2":[0,0],"3":[0,0],"4":[0,0],"5":[0,0],"6":[0,0],"7":[0,0],"8":[0,0],"9":[0,0],"10":[0,0]},"_coverageSchema":"1a1c01bbd47fc00a2c39e90264f33305004495a9","hash":"e777bbb65006b39d9ed55b6d6ac244b75f02a55b"}
,"E:\\lenovoLaptop\\Desktop\\talab_api\\task1-web-api-bishwashadhikari1\\routes\\contracts.js": {"path":"E:\\lenovoLaptop\\Desktop\\talab_api\\task1-web-api-bishwashadhikari1\\routes\\contracts.js","statementMap":{"0":{"start":{"line":1,"column":16},"end":{"line":1,"column":34}},"1":{"start":{"line":2,"column":23},"end":{"line":2,"column":39}},"2":{"start":{"line":3,"column":17},"end":{"line":3,"column":46}},"3":{"start":{"line":4,"column":25},"end":{"line":4,"column":43}},"4":{"start":{"line":5,"column":15},"end":{"line":5,"column":42}},"5":{"start":{"line":6,"column":13},"end":{"line":6,"column":38}},"6":{"start":{"line":9,"column":0},"end":{"line":16,"column":3}},"7":{"start":{"line":10,"column":2},"end":{"line":15,"column":3}},"8":{"start":{"line":11,"column":22},"end":{"line":11,"column":43}},"9":{"start":{"line":12,"column":4},"end":{"line":12,"column":24}},"10":{"start":{"line":14,"column":4},"end":{"line":14,"column":51}},"11":{"start":{"line":17,"column":0},"end":{"line":33,"column":3}},"12":{"start":{"line":18,"column":23},"end":{"line":18,"column":32}},"13":{"start":{"line":20,"column":2},"end":{"line":20,"column":25}},"14":{"start":{"line":21,"column":2},"end":{"line":32,"column":3}},"15":{"start":{"line":22,"column":4},"end":{"line":28,"column":5}},"16":{"start":{"line":23,"column":6},"end":{"line":23,"column":63}},"17":{"start":{"line":24,"column":11},"end":{"line":28,"column":5}},"18":{"start":{"line":25,"column":6},"end":{"line":25,"column":63}},"19":{"start":{"line":27,"column":6},"end":{"line":27,"column":61}},"20":{"start":{"line":29,"column":4},"end":{"line":29,"column":24}},"21":{"start":{"line":31,"column":4},"end":{"line":31,"column":51}},"22":{"start":{"line":36,"column":0},"end":{"line":38,"column":3}},"23":{"start":{"line":37,"column":2},"end":{"line":37,"column":25}},"24":{"start":{"line":41,"column":0},"end":{"line":100,"column":3}},"25":{"start":{"line":42,"column":2},"end":{"line":44,"column":3}},"26":{"start":{"line":43,"column":4},"end":{"line":43,"column":69}},"27":{"start":{"line":52,"column":6},"end":{"line":52,"column":14}},"28":{"start":{"line":53,"column":30},"end":{"line":53,"column":76}},"29":{"start":{"line":54,"column":30},"end":{"line":54,"column":76}},"30":{"start":{"line":55,"column":19},"end":{"line":55,"column":70}},"31":{"start":{"line":56,"column":19},"end":{"line":56,"column":70}},"32":{"start":{"line":59,"column":20},"end":{"line":59,"column":40}},"33":{"start":{"line":60,"column":14},"end":{"line":60,"column":24}},"34":{"start":{"line":61,"column":2},"end":{"line":66,"column":3}},"35":{"start":{"line":63,"column":4},"end":{"line":65,"column":75}},"36":{"start":{"line":68,"column":25},"end":{"line":68,"column":63}},"37":{"start":{"line":69,"column":2},"end":{"line":71,"column":3}},"38":{"start":{"line":70,"column":4},"end":{"line":70,"column":72}},"39":{"start":{"line":72,"column":18},"end":{"line":72,"column":40}},"40":{"start":{"line":73,"column":25},"end":{"line":73,"column":50}},"41":{"start":{"line":75,"column":19},"end":{"line":86,"column":4}},"42":{"start":{"line":88,"column":2},"end":{"line":92,"column":3}},"43":{"start":{"line":89,"column":4},"end":{"line":91,"column":71}},"44":{"start":{"line":94,"column":2},"end":{"line":99,"column":3}},"45":{"start":{"line":95,"column":24},"end":{"line":95,"column":45}},"46":{"start":{"line":96,"column":4},"end":{"line":96,"column":38}},"47":{"start":{"line":98,"column":4},"end":{"line":98,"column":51}},"48":{"start":{"line":106,"column":0},"end":{"line":136,"column":3}},"49":{"start":{"line":107,"column":2},"end":{"line":109,"column":3}},"50":{"start":{"line":108,"column":4},"end":{"line":108,"column":69}},"51":{"start":{"line":111,"column":2},"end":{"line":135,"column":3}},"52":{"start":{"line":112,"column":19},"end":{"line":112,"column":57}},"53":{"start":{"line":113,"column":4},"end":{"line":114,"column":69}},"54":{"start":{"line":114,"column":6},"end":{"line":114,"column":69}},"55":{"start":{"line":118,"column":4},"end":{"line":123,"column":5}},"56":{"start":{"line":120,"column":6},"end":{"line":122,"column":7}},"57":{"start":{"line":121,"column":8},"end":{"line":121,"column":38}},"58":{"start":{"line":126,"column":4},"end":{"line":129,"column":5}},"59":{"start":{"line":127,"column":29},"end":{"line":127,"column":72}},"60":{"start":{"line":128,"column":6},"end":{"line":128,"column":91}},"61":{"start":{"line":131,"column":28},"end":{"line":131,"column":49}},"62":{"start":{"line":132,"column":4},"end":{"line":132,"column":42}},"63":{"start":{"line":134,"column":4},"end":{"line":134,"column":51}},"64":{"start":{"line":142,"column":2},"end":{"line":149,"column":3}},"65":{"start":{"line":143,"column":4},"end":{"line":143,"column":54}},"66":{"start":{"line":144,"column":4},"end":{"line":146,"column":5}},"67":{"start":{"line":145,"column":6},"end":{"line":145,"column":69}},"68":{"start":{"line":148,"column":4},"end":{"line":148,"column":58}},"69":{"start":{"line":150,"column":2},"end":{"line":150,"column":26}},"70":{"start":{"line":151,"column":2},"end":{"line":151,"column":9}},"71":{"start":{"line":154,"column":0},"end":{"line":162,"column":3}},"72":{"start":{"line":155,"column":2},"end":{"line":161,"column":3}},"73":{"start":{"line":156,"column":25},"end":{"line":156,"column":63}},"74":{"start":{"line":157,"column":4},"end":{"line":157,"column":29}},"75":{"start":{"line":158,"column":4},"end":{"line":158,"column":46}},"76":{"start":{"line":160,"column":4},"end":{"line":160,"column":51}},"77":{"start":{"line":165,"column":0},"end":{"line":189,"column":3}},"78":{"start":{"line":166,"column":2},"end":{"line":168,"column":3}},"79":{"start":{"line":167,"column":4},"end":{"line":167,"column":69}},"80":{"start":{"line":170,"column":2},"end":{"line":188,"column":3}},"81":{"start":{"line":171,"column":19},"end":{"line":171,"column":31}},"82":{"start":{"line":174,"column":4},"end":{"line":174,"column":30}},"83":{"start":{"line":177,"column":4},"end":{"line":182,"column":5}},"84":{"start":{"line":179,"column":6},"end":{"line":181,"column":7}},"85":{"start":{"line":180,"column":8},"end":{"line":180,"column":38}},"86":{"start":{"line":184,"column":28},"end":{"line":184,"column":49}},"87":{"start":{"line":185,"column":4},"end":{"line":185,"column":42}},"88":{"start":{"line":187,"column":4},"end":{"line":187,"column":51}},"89":{"start":{"line":191,"column":0},"end":{"line":191,"column":32}}},"fnMap":{"0":{"name":"(anonymous_0)","decl":{"start":{"line":9,"column":38},"end":{"line":9,"column":39}},"loc":{"start":{"line":9,"column":58},"end":{"line":16,"column":1}},"line":9},"1":{"name":"(anonymous_1)","decl":{"start":{"line":17,"column":44},"end":{"line":17,"column":45}},"loc":{"start":{"line":17,"column":64},"end":{"line":33,"column":1}},"line":17},"2":{"name":"(anonymous_2)","decl":{"start":{"line":36,"column":54},"end":{"line":36,"column":55}},"loc":{"start":{"line":36,"column":68},"end":{"line":38,"column":1}},"line":36},"3":{"name":"(anonymous_3)","decl":{"start":{"line":41,"column":39},"end":{"line":41,"column":40}},"loc":{"start":{"line":41,"column":59},"end":{"line":100,"column":1}},"line":41},"4":{"name":"(anonymous_4)","decl":{"start":{"line":106,"column":41},"end":{"line":106,"column":42}},"loc":{"start":{"line":106,"column":61},"end":{"line":136,"column":1}},"line":106},"5":{"name":"getContract","decl":{"start":{"line":140,"column":15},"end":{"line":140,"column":26}},"loc":{"start":{"line":140,"column":43},"end":{"line":152,"column":1}},"line":140},"6":{"name":"(anonymous_6)","decl":{"start":{"line":154,"column":44},"end":{"line":154,"column":45}},"loc":{"start":{"line":154,"column":64},"end":{"line":162,"column":1}},"line":154},"7":{"name":"(anonymous_7)","decl":{"start":{"line":165,"column":60},"end":{"line":165,"column":61}},"loc":{"start":{"line":165,"column":80},"end":{"line":189,"column":1}},"line":165}},"branchMap":{"0":{"loc":{"start":{"line":22,"column":4},"end":{"line":28,"column":5}},"type":"if","locations":[{"start":{"line":22,"column":4},"end":{"line":28,"column":5}},{"start":{"line":24,"column":11},"end":{"line":28,"column":5}}],"line":22},"1":{"loc":{"start":{"line":24,"column":11},"end":{"line":28,"column":5}},"type":"if","locations":[{"start":{"line":24,"column":11},"end":{"line":28,"column":5}},{"start":{"line":26,"column":11},"end":{"line":28,"column":5}}],"line":24},"2":{"loc":{"start":{"line":42,"column":2},"end":{"line":44,"column":3}},"type":"if","locations":[{"start":{"line":42,"column":2},"end":{"line":44,"column":3}},{"start":{},"end":{}}],"line":42},"3":{"loc":{"start":{"line":61,"column":2},"end":{"line":66,"column":3}},"type":"if","locations":[{"start":{"line":61,"column":2},"end":{"line":66,"column":3}},{"start":{},"end":{}}],"line":61},"4":{"loc":{"start":{"line":69,"column":2},"end":{"line":71,"column":3}},"type":"if","locations":[{"start":{"line":69,"column":2},"end":{"line":71,"column":3}},{"start":{},"end":{}}],"line":69},"5":{"loc":{"start":{"line":88,"column":2},"end":{"line":92,"column":3}},"type":"if","locations":[{"start":{"line":88,"column":2},"end":{"line":92,"column":3}},{"start":{},"end":{}}],"line":88},"6":{"loc":{"start":{"line":107,"column":2},"end":{"line":109,"column":3}},"type":"if","locations":[{"start":{"line":107,"column":2},"end":{"line":109,"column":3}},{"start":{},"end":{}}],"line":107},"7":{"loc":{"start":{"line":113,"column":4},"end":{"line":114,"column":69}},"type":"if","locations":[{"start":{"line":113,"column":4},"end":{"line":114,"column":69}},{"start":{},"end":{}}],"line":113},"8":{"loc":{"start":{"line":120,"column":6},"end":{"line":122,"column":7}},"type":"if","locations":[{"start":{"line":120,"column":6},"end":{"line":122,"column":7}},{"start":{},"end":{}}],"line":120},"9":{"loc":{"start":{"line":126,"column":4},"end":{"line":129,"column":5}},"type":"if","locations":[{"start":{"line":126,"column":4},"end":{"line":129,"column":5}},{"start":{},"end":{}}],"line":126},"10":{"loc":{"start":{"line":126,"column":8},"end":{"line":126,"column":78}},"type":"binary-expr","locations":[{"start":{"line":126,"column":8},"end":{"line":126,"column":43}},{"start":{"line":126,"column":47},"end":{"line":126,"column":78}}],"line":126},"11":{"loc":{"start":{"line":144,"column":4},"end":{"line":146,"column":5}},"type":"if","locations":[{"start":{"line":144,"column":4},"end":{"line":146,"column":5}},{"start":{},"end":{}}],"line":144},"12":{"loc":{"start":{"line":166,"column":2},"end":{"line":168,"column":3}},"type":"if","locations":[{"start":{"line":166,"column":2},"end":{"line":168,"column":3}},{"start":{},"end":{}}],"line":166},"13":{"loc":{"start":{"line":179,"column":6},"end":{"line":181,"column":7}},"type":"if","locations":[{"start":{"line":179,"column":6},"end":{"line":181,"column":7}},{"start":{},"end":{}}],"line":179}},"s":{"0":6,"1":6,"2":6,"3":6,"4":6,"5":6,"6":6,"7":0,"8":0,"9":0,"10":0,"11":6,"12":0,"13":0,"14":0,"15":0,"16":0,"17":0,"18":0,"19":0,"20":0,"21":0,"22":6,"23":0,"24":6,"25":0,"26":0,"27":0,"28":0,"29":0,"30":0,"31":0,"32":0,"33":0,"34":0,"35":0,"36":0,"37":0,"38":0,"39":0,"40":0,"41":0,"42":0,"43":0,"44":0,"45":0,"46":0,"47":0,"48":6,"49":0,"50":0,"51":0,"52":0,"53":0,"54":0,"55":0,"56":0,"57":0,"58":0,"59":0,"60":0,"61":0,"62":0,"63":0,"64":0,"65":0,"66":0,"67":0,"68":0,"69":0,"70":0,"71":6,"72":0,"73":0,"74":0,"75":0,"76":0,"77":6,"78":0,"79":0,"80":0,"81":0,"82":0,"83":0,"84":0,"85":0,"86":0,"87":0,"88":0,"89":6},"f":{"0":0,"1":0,"2":0,"3":0,"4":0,"5":0,"6":0,"7":0},"b":{"0":[0,0],"1":[0,0],"2":[0,0],"3":[0,0],"4":[0,0],"5":[0,0],"6":[0,0],"7":[0,0],"8":[0,0],"9":[0,0],"10":[0,0],"11":[0,0],"12":[0,0],"13":[0,0]},"_coverageSchema":"1a1c01bbd47fc00a2c39e90264f33305004495a9","hash":"459e2d3f0c6843a13184fbf9eb145a51af3133e5"}
,"E:\\lenovoLaptop\\Desktop\\talab_api\\task1-web-api-bishwashadhikari1\\routes\\transactions.js": {"path":"E:\\lenovoLaptop\\Desktop\\talab_api\\task1-web-api-bishwashadhikari1\\routes\\transactions.js","statementMap":{"0":{"start":{"line":1,"column":16},"end":{"line":1,"column":34}},"1":{"start":{"line":2,"column":15},"end":{"line":2,"column":31}},"2":{"start":{"line":3,"column":20},"end":{"line":3,"column":52}},"3":{"start":{"line":4,"column":17},"end":{"line":4,"column":46}},"4":{"start":{"line":5,"column":25},"end":{"line":5,"column":43}},"5":{"start":{"line":8,"column":0},"end":{"line":10,"column":3}},"6":{"start":{"line":9,"column":2},"end":{"line":9,"column":28}},"7":{"start":{"line":13,"column":0},"end":{"line":50,"column":3}},"8":{"start":{"line":14,"column":51},"end":{"line":14,"column":59}},"9":{"start":{"line":16,"column":19},"end":{"line":16,"column":54}},"10":{"start":{"line":17,"column":2},"end":{"line":19,"column":3}},"11":{"start":{"line":18,"column":4},"end":{"line":18,"column":67}},"12":{"start":{"line":23,"column":2},"end":{"line":40,"column":3}},"13":{"start":{"line":24,"column":4},"end":{"line":29,"column":5}},"14":{"start":{"line":30,"column":9},"end":{"line":40,"column":3}},"15":{"start":{"line":31,"column":4},"end":{"line":37,"column":5}},"16":{"start":{"line":39,"column":4},"end":{"line":39,"column":73}},"17":{"start":{"line":42,"column":22},"end":{"line":42,"column":95}},"18":{"start":{"line":44,"column":2},"end":{"line":49,"column":3}},"19":{"start":{"line":45,"column":27},"end":{"line":45,"column":51}},"20":{"start":{"line":46,"column":4},"end":{"line":46,"column":41}},"21":{"start":{"line":48,"column":4},"end":{"line":48,"column":51}},"22":{"start":{"line":54,"column":0},"end":{"line":62,"column":3}},"23":{"start":{"line":55,"column":2},"end":{"line":55,"column":43}},"24":{"start":{"line":56,"column":2},"end":{"line":61,"column":3}},"25":{"start":{"line":57,"column":31},"end":{"line":57,"column":59}},"26":{"start":{"line":58,"column":4},"end":{"line":58,"column":33}},"27":{"start":{"line":60,"column":4},"end":{"line":60,"column":51}},"28":{"start":{"line":65,"column":0},"end":{"line":72,"column":3}},"29":{"start":{"line":66,"column":2},"end":{"line":71,"column":3}},"30":{"start":{"line":67,"column":4},"end":{"line":67,"column":62}},"31":{"start":{"line":68,"column":4},"end":{"line":68,"column":49}},"32":{"start":{"line":68,"column":49},"end":{"line":68,"column":50}},"33":{"start":{"line":70,"column":4},"end":{"line":70,"column":51}},"34":{"start":{"line":76,"column":2},"end":{"line":83,"column":3}},"35":{"start":{"line":77,"column":4},"end":{"line":77,"column":81}},"36":{"start":{"line":78,"column":4},"end":{"line":80,"column":5}},"37":{"start":{"line":79,"column":6},"end":{"line":79,"column":72}},"38":{"start":{"line":82,"column":4},"end":{"line":82,"column":58}},"39":{"start":{"line":84,"column":2},"end":{"line":84,"column":32}},"40":{"start":{"line":85,"column":2},"end":{"line":85,"column":9}},"41":{"start":{"line":88,"column":0},"end":{"line":88,"column":24}}},"fnMap":{"0":{"name":"(anonymous_0)","decl":{"start":{"line":8,"column":49},"end":{"line":8,"column":50}},"loc":{"start":{"line":8,"column":63},"end":{"line":10,"column":1}},"line":8},"1":{"name":"(anonymous_1)","decl":{"start":{"line":13,"column":31},"end":{"line":13,"column":32}},"loc":{"start":{"line":13,"column":51},"end":{"line":50,"column":1}},"line":13},"2":{"name":"(anonymous_2)","decl":{"start":{"line":54,"column":51},"end":{"line":54,"column":52}},"loc":{"start":{"line":54,"column":71},"end":{"line":62,"column":1}},"line":54},"3":{"name":"(anonymous_3)","decl":{"start":{"line":65,"column":52},"end":{"line":65,"column":53}},"loc":{"start":{"line":65,"column":72},"end":{"line":72,"column":1}},"line":65},"4":{"name":"getTransaction","decl":{"start":{"line":74,"column":15},"end":{"line":74,"column":29}},"loc":{"start":{"line":74,"column":46},"end":{"line":86,"column":1}},"line":74}},"branchMap":{"0":{"loc":{"start":{"line":17,"column":2},"end":{"line":19,"column":3}},"type":"if","locations":[{"start":{"line":17,"column":2},"end":{"line":19,"column":3}},{"start":{},"end":{}}],"line":17},"1":{"loc":{"start":{"line":23,"column":2},"end":{"line":40,"column":3}},"type":"if","locations":[{"start":{"line":23,"column":2},"end":{"line":40,"column":3}},{"start":{"line":30,"column":9},"end":{"line":40,"column":3}}],"line":23},"2":{"loc":{"start":{"line":30,"column":9},"end":{"line":40,"column":3}},"type":"if","locations":[{"start":{"line":30,"column":9},"end":{"line":40,"column":3}},{"start":{"line":38,"column":9},"end":{"line":40,"column":3}}],"line":30},"3":{"loc":{"start":{"line":78,"column":4},"end":{"line":80,"column":5}},"type":"if","locations":[{"start":{"line":78,"column":4},"end":{"line":80,"column":5}},{"start":{},"end":{}}],"line":78}},"s":{"0":6,"1":6,"2":6,"3":6,"4":6,"5":6,"6":0,"7":6,"8":0,"9":0,"10":0,"11":0,"12":0,"13":0,"14":0,"15":0,"16":0,"17":0,"18":0,"19":0,"20":0,"21":0,"22":6,"23":0,"24":0,"25":0,"26":0,"27":0,"28":6,"29":0,"30":0,"31":0,"32":0,"33":0,"34":0,"35":0,"36":0,"37":0,"38":0,"39":0,"40":0,"41":6},"f":{"0":0,"1":0,"2":0,"3":0,"4":0},"b":{"0":[0,0],"1":[0,0],"2":[0,0],"3":[0,0]},"_coverageSchema":"1a1c01bbd47fc00a2c39e90264f33305004495a9","hash":"f243a2477a1ae2219764c008c6c621afb04fb5ec"}
,"E:\\lenovoLaptop\\Desktop\\talab_api\\task1-web-api-bishwashadhikari1\\routes\\users.js": {"path":"E:\\lenovoLaptop\\Desktop\\talab_api\\task1-web-api-bishwashadhikari1\\routes\\users.js","statementMap":{"0":{"start":{"line":1,"column":16},"end":{"line":1,"column":34}},"1":{"start":{"line":2,"column":19},"end":{"line":2,"column":35}},"2":{"start":{"line":3,"column":13},"end":{"line":3,"column":38}},"3":{"start":{"line":4,"column":13},"end":{"line":4,"column":30}},"4":{"start":{"line":5,"column":15},"end":{"line":5,"column":42}},"5":{"start":{"line":6,"column":12},"end":{"line":6,"column":35}},"6":{"start":{"line":7,"column":13},"end":{"line":7,"column":28}},"7":{"start":{"line":8,"column":25},"end":{"line":8,"column":69}},"8":{"start":{"line":9,"column":19},"end":{"line":9,"column":56}},"9":{"start":{"line":11,"column":0},"end":{"line":61,"column":3}},"10":{"start":{"line":12,"column":2},"end":{"line":60,"column":3}},"11":{"start":{"line":24,"column":8},"end":{"line":24,"column":16}},"12":{"start":{"line":25,"column":4},"end":{"line":25,"column":35}},"13":{"start":{"line":26,"column":25},"end":{"line":26,"column":54}},"14":{"start":{"line":27,"column":4},"end":{"line":29,"column":5}},"15":{"start":{"line":28,"column":6},"end":{"line":28,"column":69}},"16":{"start":{"line":31,"column":17},"end":{"line":31,"column":41}},"17":{"start":{"line":32,"column":27},"end":{"line":32,"column":60}},"18":{"start":{"line":34,"column":22},"end":{"line":36,"column":6}},"19":{"start":{"line":38,"column":4},"end":{"line":38,"column":27}},"20":{"start":{"line":39,"column":20},"end":{"line":51,"column":6}},"21":{"start":{"line":53,"column":22},"end":{"line":53,"column":42}},"22":{"start":{"line":55,"column":4},"end":{"line":57,"column":74}},"23":{"start":{"line":59,"column":4},"end":{"line":59,"column":51}},"24":{"start":{"line":63,"column":0},"end":{"line":103,"column":3}},"25":{"start":{"line":64,"column":2},"end":{"line":102,"column":3}},"26":{"start":{"line":73,"column":8},"end":{"line":73,"column":16}},"27":{"start":{"line":74,"column":19},"end":{"line":74,"column":29}},"28":{"start":{"line":76,"column":4},"end":{"line":80,"column":5}},"29":{"start":{"line":77,"column":6},"end":{"line":79,"column":65}},"30":{"start":{"line":82,"column":17},"end":{"line":82,"column":40}},"31":{"start":{"line":83,"column":4},"end":{"line":85,"column":5}},"32":{"start":{"line":84,"column":6},"end":{"line":84,"column":65}},"33":{"start":{"line":87,"column":4},"end":{"line":87,"column":43}},"34":{"start":{"line":87,"column":18},"end":{"line":87,"column":43}},"35":{"start":{"line":88,"column":4},"end":{"line":88,"column":43}},"36":{"start":{"line":88,"column":18},"end":{"line":88,"column":43}},"37":{"start":{"line":89,"column":4},"end":{"line":89,"column":28}},"38":{"start":{"line":89,"column":13},"end":{"line":89,"column":28}},"39":{"start":{"line":90,"column":4},"end":{"line":90,"column":40}},"40":{"start":{"line":90,"column":17},"end":{"line":90,"column":40}},"41":{"start":{"line":91,"column":4},"end":{"line":91,"column":34}},"42":{"start":{"line":91,"column":15},"end":{"line":91,"column":34}},"43":{"start":{"line":92,"column":4},"end":{"line":92,"column":31}},"44":{"start":{"line":92,"column":14},"end":{"line":92,"column":31}},"45":{"start":{"line":93,"column":4},"end":{"line":93,"column":73}},"46":{"start":{"line":93,"column":28},"end":{"line":93,"column":73}},"47":{"start":{"line":95,"column":24},"end":{"line":95,"column":41}},"48":{"start":{"line":97,"column":4},"end":{"line":99,"column":76}},"49":{"start":{"line":101,"column":4},"end":{"line":101,"column":51}},"50":{"start":{"line":105,"column":0},"end":{"line":132,"column":3}},"51":{"start":{"line":106,"column":2},"end":{"line":131,"column":3}},"52":{"start":{"line":107,"column":22},"end":{"line":107,"column":30}},"53":{"start":{"line":109,"column":17},"end":{"line":109,"column":46}},"54":{"start":{"line":110,"column":4},"end":{"line":112,"column":5}},"55":{"start":{"line":111,"column":6},"end":{"line":111,"column":62}},"56":{"start":{"line":114,"column":20},"end":{"line":114,"column":74}},"57":{"start":{"line":115,"column":4},"end":{"line":117,"column":5}},"58":{"start":{"line":116,"column":6},"end":{"line":116,"column":65}},"59":{"start":{"line":118,"column":18},"end":{"line":126,"column":5}},"60":{"start":{"line":128,"column":4},"end":{"line":128,"column":42}},"61":{"start":{"line":130,"column":4},"end":{"line":130,"column":51}},"62":{"start":{"line":133,"column":0},"end":{"line":165,"column":3}},"63":{"start":{"line":134,"column":2},"end":{"line":164,"column":3}},"64":{"start":{"line":135,"column":39},"end":{"line":135,"column":47}},"65":{"start":{"line":137,"column":29},"end":{"line":137,"column":61}},"66":{"start":{"line":138,"column":26},"end":{"line":138,"column":55}},"67":{"start":{"line":139,"column":26},"end":{"line":139,"column":55}},"68":{"start":{"line":141,"column":19},"end":{"line":141,"column":21}},"69":{"start":{"line":143,"column":4},"end":{"line":147,"column":5}},"70":{"start":{"line":144,"column":6},"end":{"line":144,"column":52}},"71":{"start":{"line":146,"column":6},"end":{"line":146,"column":48}},"72":{"start":{"line":149,"column":4},"end":{"line":153,"column":5}},"73":{"start":{"line":150,"column":6},"end":{"line":150,"column":51}},"74":{"start":{"line":152,"column":6},"end":{"line":152,"column":42}},"75":{"start":{"line":155,"column":4},"end":{"line":159,"column":5}},"76":{"start":{"line":156,"column":6},"end":{"line":156,"column":58}},"77":{"start":{"line":158,"column":6},"end":{"line":158,"column":49}},"78":{"start":{"line":161,"column":4},"end":{"line":161,"column":35}},"79":{"start":{"line":163,"column":4},"end":{"line":163,"column":53}},"80":{"start":{"line":167,"column":0},"end":{"line":180,"column":3}},"81":{"start":{"line":168,"column":2},"end":{"line":179,"column":3}},"82":{"start":{"line":169,"column":19},"end":{"line":169,"column":29}},"83":{"start":{"line":170,"column":17},"end":{"line":170,"column":40}},"84":{"start":{"line":172,"column":4},"end":{"line":174,"column":5}},"85":{"start":{"line":173,"column":6},"end":{"line":173,"column":63}},"86":{"start":{"line":176,"column":4},"end":{"line":176,"column":35}},"87":{"start":{"line":178,"column":4},"end":{"line":178,"column":52}},"88":{"start":{"line":182,"column":0},"end":{"line":193,"column":3}},"89":{"start":{"line":183,"column":23},"end":{"line":183,"column":33}},"90":{"start":{"line":184,"column":2},"end":{"line":192,"column":3}},"91":{"start":{"line":185,"column":17},"end":{"line":185,"column":59}},"92":{"start":{"line":186,"column":4},"end":{"line":188,"column":5}},"93":{"start":{"line":187,"column":6},"end":{"line":187,"column":63}},"94":{"start":{"line":189,"column":4},"end":{"line":189,"column":19}},"95":{"start":{"line":191,"column":4},"end":{"line":191,"column":51}},"96":{"start":{"line":195,"column":0},"end":{"line":212,"column":3}},"97":{"start":{"line":196,"column":22},"end":{"line":196,"column":47}},"98":{"start":{"line":198,"column":2},"end":{"line":200,"column":3}},"99":{"start":{"line":199,"column":4},"end":{"line":199,"column":77}},"100":{"start":{"line":203,"column":16},"end":{"line":203,"column":41}},"101":{"start":{"line":205,"column":2},"end":{"line":211,"column":3}},"102":{"start":{"line":206,"column":20},"end":{"line":206,"column":57}},"103":{"start":{"line":207,"column":4},"end":{"line":207,"column":23}},"104":{"start":{"line":208,"column":4},"end":{"line":208,"column":34}},"105":{"start":{"line":210,"column":4},"end":{"line":210,"column":53}},"106":{"start":{"line":215,"column":22},"end":{"line":215,"column":47}},"107":{"start":{"line":216,"column":2},"end":{"line":216,"column":27}},"108":{"start":{"line":218,"column":2},"end":{"line":220,"column":3}},"109":{"start":{"line":219,"column":4},"end":{"line":219,"column":77}},"110":{"start":{"line":223,"column":16},"end":{"line":223,"column":41}},"111":{"start":{"line":225,"column":2},"end":{"line":232,"column":3}},"112":{"start":{"line":226,"column":20},"end":{"line":226,"column":57}},"113":{"start":{"line":227,"column":4},"end":{"line":227,"column":23}},"114":{"start":{"line":229,"column":4},"end":{"line":229,"column":11}},"115":{"start":{"line":231,"column":4},"end":{"line":231,"column":53}},"116":{"start":{"line":234,"column":23},"end":{"line":237,"column":1}},"117":{"start":{"line":235,"column":2},"end":{"line":235,"column":50}},"118":{"start":{"line":235,"column":36},"end":{"line":235,"column":50}},"119":{"start":{"line":236,"column":2},"end":{"line":236,"column":60}},"120":{"start":{"line":238,"column":0},"end":{"line":265,"column":2}},"121":{"start":{"line":243,"column":4},"end":{"line":245,"column":5}},"122":{"start":{"line":244,"column":6},"end":{"line":244,"column":71}},"123":{"start":{"line":247,"column":4},"end":{"line":263,"column":5}},"124":{"start":{"line":248,"column":19},"end":{"line":248,"column":51}},"125":{"start":{"line":249,"column":6},"end":{"line":251,"column":7}},"126":{"start":{"line":250,"column":8},"end":{"line":250,"column":67}},"127":{"start":{"line":254,"column":6},"end":{"line":254,"column":37}},"128":{"start":{"line":255,"column":6},"end":{"line":255,"column":24}},"129":{"start":{"line":257,"column":6},"end":{"line":260,"column":9}},"130":{"start":{"line":262,"column":6},"end":{"line":262,"column":56}},"131":{"start":{"line":267,"column":0},"end":{"line":277,"column":3}},"132":{"start":{"line":268,"column":2},"end":{"line":268,"column":30}},"133":{"start":{"line":269,"column":2},"end":{"line":271,"column":3}},"134":{"start":{"line":270,"column":4},"end":{"line":270,"column":69}},"135":{"start":{"line":272,"column":2},"end":{"line":272,"column":22}},"136":{"start":{"line":273,"column":2},"end":{"line":276,"column":5}},"137":{"start":{"line":280,"column":0},"end":{"line":299,"column":3}},"138":{"start":{"line":281,"column":2},"end":{"line":298,"column":3}},"139":{"start":{"line":283,"column":22},"end":{"line":283,"column":59}},"140":{"start":{"line":286,"column":4},"end":{"line":291,"column":6}},"141":{"start":{"line":287,"column":35},"end":{"line":290,"column":7}},"142":{"start":{"line":294,"column":4},"end":{"line":294,"column":61}},"143":{"start":{"line":295,"column":4},"end":{"line":297,"column":69}},"144":{"start":{"line":300,"column":0},"end":{"line":317,"column":3}},"145":{"start":{"line":301,"column":2},"end":{"line":316,"column":3}},"146":{"start":{"line":302,"column":15},"end":{"line":302,"column":26}},"147":{"start":{"line":304,"column":17},"end":{"line":304,"column":40}},"148":{"start":{"line":305,"column":4},"end":{"line":307,"column":5}},"149":{"start":{"line":306,"column":6},"end":{"line":306,"column":65}},"150":{"start":{"line":310,"column":4},"end":{"line":310,"column":48}},"151":{"start":{"line":312,"column":4},"end":{"line":312,"column":37}},"152":{"start":{"line":313,"column":4},"end":{"line":313,"column":67}},"153":{"start":{"line":315,"column":4},"end":{"line":315,"column":51}},"154":{"start":{"line":319,"column":0},"end":{"line":323,"column":2}}},"fnMap":{"0":{"name":"(anonymous_0)","decl":{"start":{"line":11,"column":29},"end":{"line":11,"column":30}},"loc":{"start":{"line":11,"column":49},"end":{"line":61,"column":1}},"line":11},"1":{"name":"(anonymous_1)","decl":{"start":{"line":63,"column":37},"end":{"line":63,"column":38}},"loc":{"start":{"line":63,"column":57},"end":{"line":103,"column":1}},"line":63},"2":{"name":"(anonymous_2)","decl":{"start":{"line":105,"column":26},"end":{"line":105,"column":27}},"loc":{"start":{"line":105,"column":46},"end":{"line":132,"column":1}},"line":105},"3":{"name":"(anonymous_3)","decl":{"start":{"line":133,"column":38},"end":{"line":133,"column":39}},"loc":{"start":{"line":133,"column":58},"end":{"line":165,"column":1}},"line":133},"4":{"name":"(anonymous_4)","decl":{"start":{"line":167,"column":23},"end":{"line":167,"column":24}},"loc":{"start":{"line":167,"column":43},"end":{"line":180,"column":1}},"line":167},"5":{"name":"(anonymous_5)","decl":{"start":{"line":182,"column":47},"end":{"line":182,"column":48}},"loc":{"start":{"line":182,"column":67},"end":{"line":193,"column":1}},"line":182},"6":{"name":"(anonymous_6)","decl":{"start":{"line":195,"column":35},"end":{"line":195,"column":36}},"loc":{"start":{"line":195,"column":55},"end":{"line":212,"column":1}},"line":195},"7":{"name":"authenticate","decl":{"start":{"line":214,"column":9},"end":{"line":214,"column":21}},"loc":{"start":{"line":214,"column":38},"end":{"line":233,"column":1}},"line":214},"8":{"name":"(anonymous_8)","decl":{"start":{"line":234,"column":23},"end":{"line":234,"column":24}},"loc":{"start":{"line":234,"column":43},"end":{"line":237,"column":1}},"line":234},"9":{"name":"(anonymous_9)","decl":{"start":{"line":242,"column":2},"end":{"line":242,"column":3}},"loc":{"start":{"line":242,"column":22},"end":{"line":264,"column":3}},"line":242},"10":{"name":"(anonymous_10)","decl":{"start":{"line":267,"column":43},"end":{"line":267,"column":44}},"loc":{"start":{"line":267,"column":57},"end":{"line":277,"column":1}},"line":267},"11":{"name":"(anonymous_11)","decl":{"start":{"line":280,"column":30},"end":{"line":280,"column":31}},"loc":{"start":{"line":280,"column":50},"end":{"line":299,"column":1}},"line":280},"12":{"name":"(anonymous_12)","decl":{"start":{"line":287,"column":20},"end":{"line":287,"column":21}},"loc":{"start":{"line":287,"column":35},"end":{"line":290,"column":7}},"line":287},"13":{"name":"(anonymous_13)","decl":{"start":{"line":300,"column":37},"end":{"line":300,"column":38}},"loc":{"start":{"line":300,"column":57},"end":{"line":317,"column":1}},"line":300}},"branchMap":{"0":{"loc":{"start":{"line":27,"column":4},"end":{"line":29,"column":5}},"type":"if","locations":[{"start":{"line":27,"column":4},"end":{"line":29,"column":5}},{"start":{},"end":{}}],"line":27},"1":{"loc":{"start":{"line":76,"column":4},"end":{"line":80,"column":5}},"type":"if","locations":[{"start":{"line":76,"column":4},"end":{"line":80,"column":5}},{"start":{},"end":{}}],"line":76},"2":{"loc":{"start":{"line":83,"column":4},"end":{"line":85,"column":5}},"type":"if","locations":[{"start":{"line":83,"column":4},"end":{"line":85,"column":5}},{"start":{},"end":{}}],"line":83},"3":{"loc":{"start":{"line":87,"column":4},"end":{"line":87,"column":43}},"type":"if","locations":[{"start":{"line":87,"column":4},"end":{"line":87,"column":43}},{"start":{},"end":{}}],"line":87},"4":{"loc":{"start":{"line":88,"column":4},"end":{"line":88,"column":43}},"type":"if","locations":[{"start":{"line":88,"column":4},"end":{"line":88,"column":43}},{"start":{},"end":{}}],"line":88},"5":{"loc":{"start":{"line":89,"column":4},"end":{"line":89,"column":28}},"type":"if","locations":[{"start":{"line":89,"column":4},"end":{"line":89,"column":28}},{"start":{},"end":{}}],"line":89},"6":{"loc":{"start":{"line":90,"column":4},"end":{"line":90,"column":40}},"type":"if","locations":[{"start":{"line":90,"column":4},"end":{"line":90,"column":40}},{"start":{},"end":{}}],"line":90},"7":{"loc":{"start":{"line":91,"column":4},"end":{"line":91,"column":34}},"type":"if","locations":[{"start":{"line":91,"column":4},"end":{"line":91,"column":34}},{"start":{},"end":{}}],"line":91},"8":{"loc":{"start":{"line":92,"column":4},"end":{"line":92,"column":31}},"type":"if","locations":[{"start":{"line":92,"column":4},"end":{"line":92,"column":31}},{"start":{},"end":{}}],"line":92},"9":{"loc":{"start":{"line":93,"column":4},"end":{"line":93,"column":73}},"type":"if","locations":[{"start":{"line":93,"column":4},"end":{"line":93,"column":73}},{"start":{},"end":{}}],"line":93},"10":{"loc":{"start":{"line":110,"column":4},"end":{"line":112,"column":5}},"type":"if","locations":[{"start":{"line":110,"column":4},"end":{"line":112,"column":5}},{"start":{},"end":{}}],"line":110},"11":{"loc":{"start":{"line":115,"column":4},"end":{"line":117,"column":5}},"type":"if","locations":[{"start":{"line":115,"column":4},"end":{"line":117,"column":5}},{"start":{},"end":{}}],"line":115},"12":{"loc":{"start":{"line":143,"column":4},"end":{"line":147,"column":5}},"type":"if","locations":[{"start":{"line":143,"column":4},"end":{"line":147,"column":5}},{"start":{"line":145,"column":11},"end":{"line":147,"column":5}}],"line":143},"13":{"loc":{"start":{"line":149,"column":4},"end":{"line":153,"column":5}},"type":"if","locations":[{"start":{"line":149,"column":4},"end":{"line":153,"column":5}},{"start":{"line":151,"column":11},"end":{"line":153,"column":5}}],"line":149},"14":{"loc":{"start":{"line":155,"column":4},"end":{"line":159,"column":5}},"type":"if","locations":[{"start":{"line":155,"column":4},"end":{"line":159,"column":5}},{"start":{"line":157,"column":11},"end":{"line":159,"column":5}}],"line":155},"15":{"loc":{"start":{"line":172,"column":4},"end":{"line":174,"column":5}},"type":"if","locations":[{"start":{"line":172,"column":4},"end":{"line":174,"column":5}},{"start":{},"end":{}}],"line":172},"16":{"loc":{"start":{"line":186,"column":4},"end":{"line":188,"column":5}},"type":"if","locations":[{"start":{"line":186,"column":4},"end":{"line":188,"column":5}},{"start":{},"end":{}}],"line":186},"17":{"loc":{"start":{"line":198,"column":2},"end":{"line":200,"column":3}},"type":"if","locations":[{"start":{"line":198,"column":2},"end":{"line":200,"column":3}},{"start":{},"end":{}}],"line":198},"18":{"loc":{"start":{"line":218,"column":2},"end":{"line":220,"column":3}},"type":"if","locations":[{"start":{"line":218,"column":2},"end":{"line":220,"column":3}},{"start":{},"end":{}}],"line":218},"19":{"loc":{"start":{"line":235,"column":2},"end":{"line":235,"column":50}},"type":"if","locations":[{"start":{"line":235,"column":2},"end":{"line":235,"column":50}},{"start":{},"end":{}}],"line":235},"20":{"loc":{"start":{"line":243,"column":4},"end":{"line":245,"column":5}},"type":"if","locations":[{"start":{"line":243,"column":4},"end":{"line":245,"column":5}},{"start":{},"end":{}}],"line":243},"21":{"loc":{"start":{"line":249,"column":6},"end":{"line":251,"column":7}},"type":"if","locations":[{"start":{"line":249,"column":6},"end":{"line":251,"column":7}},{"start":{},"end":{}}],"line":249},"22":{"loc":{"start":{"line":269,"column":2},"end":{"line":271,"column":3}},"type":"if","locations":[{"start":{"line":269,"column":2},"end":{"line":271,"column":3}},{"start":{},"end":{}}],"line":269},"23":{"loc":{"start":{"line":305,"column":4},"end":{"line":307,"column":5}},"type":"if","locations":[{"start":{"line":305,"column":4},"end":{"line":307,"column":5}},{"start":{},"end":{}}],"line":305}},"s":{"0":6,"1":6,"2":6,"3":6,"4":6,"5":6,"6":6,"7":6,"8":6,"9":6,"10":0,"11":0,"12":0,"13":0,"14":0,"15":0,"16":0,"17":0,"18":0,"19":0,"20":0,"21":0,"22":0,"23":0,"24":6,"25":0,"26":0,"27":0,"28":0,"29":0,"30":0,"31":0,"32":0,"33":0,"34":0,"35":0,"36":0,"37":0,"38":0,"39":0,"40":0,"41":0,"42":0,"43":0,"44":0,"45":0,"46":0,"47":0,"48":0,"49":0,"50":6,"51":0,"52":0,"53":0,"54":0,"55":0,"56":0,"57":0,"58":0,"59":0,"60":0,"61":0,"62":6,"63":0,"64":0,"65":0,"66":0,"67":0,"68":0,"69":0,"70":0,"71":0,"72":0,"73":0,"74":0,"75":0,"76":0,"77":0,"78":0,"79":0,"80":6,"81":0,"82":0,"83":0,"84":0,"85":0,"86":0,"87":0,"88":6,"89":0,"90":0,"91":0,"92":0,"93":0,"94":0,"95":0,"96":6,"97":0,"98":0,"99":0,"100":0,"101":0,"102":0,"103":0,"104":0,"105":0,"106":0,"107":0,"108":0,"109":0,"110":0,"111":0,"112":0,"113":0,"114":0,"115":0,"116":6,"117":0,"118":0,"119":0,"120":6,"121":0,"122":0,"123":0,"124":0,"125":0,"126":0,"127":0,"128":0,"129":0,"130":0,"131":6,"132":0,"133":0,"134":0,"135":0,"136":0,"137":6,"138":0,"139":0,"140":0,"141":0,"142":0,"143":0,"144":6,"145":0,"146":0,"147":0,"148":0,"149":0,"150":0,"151":0,"152":0,"153":0,"154":6},"f":{"0":0,"1":0,"2":0,"3":0,"4":0,"5":0,"6":0,"7":0,"8":0,"9":0,"10":0,"11":0,"12":0,"13":0},"b":{"0":[0,0],"1":[0,0],"2":[0,0],"3":[0,0],"4":[0,0],"5":[0,0],"6":[0,0],"7":[0,0],"8":[0,0],"9":[0,0],"10":[0,0],"11":[0,0],"12":[0,0],"13":[0,0],"14":[0,0],"15":[0,0],"16":[0,0],"17":[0,0],"18":[0,0],"19":[0,0],"20":[0,0],"21":[0,0],"22":[0,0],"23":[0,0]},"_coverageSchema":"1a1c01bbd47fc00a2c39e90264f33305004495a9","hash":"4e9e944c4d348bee07b7e749e933ed6dd35899ba"}
,"E:\\lenovoLaptop\\Desktop\\talab_api\\task1-web-api-bishwashadhikari1\\routes\\wallets.js": {"path":"E:\\lenovoLaptop\\Desktop\\talab_api\\task1-web-api-bishwashadhikari1\\routes\\wallets.js","statementMap":{"0":{"start":{"line":1,"column":16},"end":{"line":1,"column":34}},"1":{"start":{"line":2,"column":15},"end":{"line":2,"column":31}},"2":{"start":{"line":3,"column":15},"end":{"line":3,"column":42}},"3":{"start":{"line":4,"column":25},"end":{"line":4,"column":43}},"4":{"start":{"line":7,"column":0},"end":{"line":9,"column":3}},"5":{"start":{"line":8,"column":2},"end":{"line":8,"column":35}},"6":{"start":{"line":12,"column":0},"end":{"line":22,"column":3}},"7":{"start":{"line":13,"column":2},"end":{"line":13,"column":38}},"8":{"start":{"line":14,"column":2},"end":{"line":19,"column":3}},"9":{"start":{"line":15,"column":26},"end":{"line":15,"column":49}},"10":{"start":{"line":16,"column":4},"end":{"line":16,"column":40}},"11":{"start":{"line":18,"column":4},"end":{"line":18,"column":51}},"12":{"start":{"line":27,"column":2},"end":{"line":34,"column":3}},"13":{"start":{"line":28,"column":4},"end":{"line":28,"column":50}},"14":{"start":{"line":29,"column":4},"end":{"line":31,"column":5}},"15":{"start":{"line":30,"column":6},"end":{"line":30,"column":67}},"16":{"start":{"line":33,"column":4},"end":{"line":33,"column":58}},"17":{"start":{"line":35,"column":2},"end":{"line":35,"column":22}},"18":{"start":{"line":36,"column":2},"end":{"line":36,"column":9}},"19":{"start":{"line":38,"column":0},"end":{"line":38,"column":24}}},"fnMap":{"0":{"name":"(anonymous_0)","decl":{"start":{"line":7,"column":44},"end":{"line":7,"column":45}},"loc":{"start":{"line":7,"column":58},"end":{"line":9,"column":1}},"line":7},"1":{"name":"(anonymous_1)","decl":{"start":{"line":12,"column":46},"end":{"line":12,"column":47}},"loc":{"start":{"line":12,"column":66},"end":{"line":22,"column":1}},"line":12},"2":{"name":"getWallet","decl":{"start":{"line":25,"column":15},"end":{"line":25,"column":24}},"loc":{"start":{"line":25,"column":41},"end":{"line":37,"column":1}},"line":25}},"branchMap":{"0":{"loc":{"start":{"line":29,"column":4},"end":{"line":31,"column":5}},"type":"if","locations":[{"start":{"line":29,"column":4},"end":{"line":31,"column":5}},{"start":{},"end":{}}],"line":29}},"s":{"0":6,"1":6,"2":6,"3":6,"4":6,"5":0,"6":6,"7":0,"8":0,"9":0,"10":0,"11":0,"12":0,"13":0,"14":0,"15":0,"16":0,"17":0,"18":0,"19":6},"f":{"0":0,"1":0,"2":0},"b":{"0":[0,0]},"_coverageSchema":"1a1c01bbd47fc00a2c39e90264f33305004495a9","hash":"627ff8105cdc87011513ba3a275d7ec91d6770c5"}
}
