TN:
SF:app.js
FN:27,(anonymous_0)
FN:28,(anonymous_1)
FNF:2
FNH:1
FNDA:0,(anonymous_0)
FNDA:6,(anonymous_1)
DA:1,6
DA:2,6
DA:3,6
DA:4,6
DA:5,6
DA:8,6
DA:10,6
DA:11,6
DA:12,6
DA:14,6
DA:16,6
DA:17,6
DA:18,6
DA:19,6
DA:20,6
DA:21,6
DA:23,6
DA:27,0
DA:28,6
DA:30,6
DA:31,6
DA:32,6
DA:33,6
DA:34,6
DA:36,6
LF:25
LH:24
BRDA:20,0,0,6
BRDA:20,0,1,0
BRF:2
BRH:1
end_of_record
TN:
SF:cronJob.js
FN:6,checkAndCommitTransactionAmount
FN:40,checkAndUpdateContractActivity
FN:51,createTransactionForContract
FN:77,checkContractExpiry
FN:90,(anonymous_4)
FNF:5
FNH:1
FNDA:0,checkAndCommitTransactionAmount
FNDA:0,checkAndUpdateContractActivity
FNDA:0,createTransactionForContract
FNDA:0,checkContractExpiry
FNDA:5,(anonymous_4)
DA:1,6
DA:2,6
DA:3,6
DA:4,6
DA:7,0
DA:9,0
DA:12,0
DA:14,0
DA:16,0
DA:25,0
DA:26,0
DA:27,0
DA:29,0
DA:30,0
DA:32,0
DA:33,0
DA:35,0
DA:36,0
DA:41,0
DA:46,0
DA:47,0
DA:52,0
DA:61,0
DA:62,0
DA:63,0
DA:65,0
DA:66,0
DA:68,0
DA:69,0
DA:71,0
DA:72,0
DA:74,0
DA:78,0
DA:82,0
DA:83,0
DA:84,0
DA:85,0
DA:88,6
DA:92,5
DA:93,5
DA:95,5
DA:97,5
DA:98,0
DA:99,0
DA:102,0
DA:108,0
DA:110,0
DA:111,0
DA:112,0
DA:114,0
DA:117,4
LF:51
LH:10
BRDA:12,0,0,0
BRDA:12,0,1,0
BRDA:41,1,0,0
BRDA:41,1,1,0
BRDA:42,2,0,0
BRDA:42,2,1,0
BRDA:42,2,2,0
BRDA:82,3,0,0
BRDA:82,3,1,0
BRF:9
BRH:0
end_of_record
TN:
SF:middlewares\upload_docs.js
FN:6,(anonymous_0)
FN:9,(anonymous_1)
FN:15,(anonymous_2)
FNF:3
FNH:0
FNDA:0,(anonymous_0)
FNDA:0,(anonymous_1)
FNDA:0,(anonymous_2)
DA:1,6
DA:2,6
DA:3,6
DA:5,6
DA:7,0
DA:10,0
DA:11,0
DA:15,6
DA:16,0
DA:17,0
DA:19,0
DA:22,6
DA:28,6
LF:13
LH:7
BRDA:16,0,0,0
BRDA:16,0,1,0
BRF:2
BRH:0
end_of_record
TN:
SF:middlewares\upload_profile_pic.js
FN:6,(anonymous_0)
FN:9,(anonymous_1)
FN:15,(anonymous_2)
FNF:3
FNH:0
FNDA:0,(anonymous_0)
FNDA:0,(anonymous_1)
FNDA:0,(anonymous_2)
DA:1,6
DA:2,6
DA:3,6
DA:5,6
DA:7,0
DA:10,0
DA:11,0
DA:15,6
DA:16,0
DA:17,0
DA:19,0
DA:22,6
DA:28,6
LF:13
LH:7
BRDA:16,0,0,0
BRDA:16,0,1,0
BRF:2
BRH:0
end_of_record
TN:
SF:models\admin.js
FNF:0
FNH:0
DA:1,6
DA:2,6
DA:4,6
DA:22,6
DA:23,6
LF:5
LH:5
BRF:0
BRH:0
end_of_record
TN:
SF:models\contract.js
FNF:0
FNH:0
DA:1,6
DA:3,6
DA:89,6
DA:91,6
LF:4
LH:4
BRF:0
BRH:0
end_of_record
TN:
SF:models\transaction.js
FN:26,(anonymous_0)
FN:35,(anonymous_1)
FN:42,(anonymous_2)
FNF:3
FNH:0
FNDA:0,(anonymous_0)
FNDA:0,(anonymous_1)
FNDA:0,(anonymous_2)
DA:1,6
DA:3,6
DA:27,0
DA:36,0
DA:43,0
DA:49,6
DA:51,6
LF:7
LH:4
BRF:0
BRH:0
end_of_record
TN:
SF:models\user.js
FNF:0
FNH:0
DA:1,6
DA:3,6
DA:70,6
DA:72,6
LF:4
LH:4
BRF:0
BRH:0
end_of_record
TN:
SF:models\wallet.js
FN:16,(anonymous_0)
FNF:1
FNH:0
FNDA:0,(anonymous_0)
DA:1,6
DA:3,6
DA:16,0
DA:20,6
DA:21,6
LF:5
LH:4
BRF:0
BRH:0
end_of_record
TN:
SF:routes\admin.js
FN:10,authenticateAdmin
FN:30,(anonymous_1)
FN:59,(anonymous_2)
FN:89,(anonymous_3)
FN:108,(anonymous_4)
FN:114,(anonymous_5)
FN:120,(anonymous_6)
FN:129,(anonymous_7)
FN:139,(anonymous_8)
FN:149,(anonymous_9)
FN:163,(anonymous_10)
FN:166,(anonymous_11)
FN:178,(anonymous_12)
FN:211,(anonymous_13)
FN:222,(anonymous_14)
FNF:15
FNH:0
FNDA:0,authenticateAdmin
FNDA:0,(anonymous_1)
FNDA:0,(anonymous_2)
FNDA:0,(anonymous_3)
FNDA:0,(anonymous_4)
FNDA:0,(anonymous_5)
FNDA:0,(anonymous_6)
FNDA:0,(anonymous_7)
FNDA:0,(anonymous_8)
FNDA:0,(anonymous_9)
FNDA:0,(anonymous_10)
FNDA:0,(anonymous_11)
FNDA:0,(anonymous_12)
FNDA:0,(anonymous_13)
FNDA:0,(anonymous_14)
DA:1,6
DA:2,6
DA:3,6
DA:4,6
DA:5,6
DA:6,6
DA:7,6
DA:8,6
DA:11,0
DA:13,0
DA:14,0
DA:18,0
DA:20,0
DA:21,0
DA:22,0
DA:24,0
DA:26,0
DA:30,6
DA:31,0
DA:32,0
DA:34,0
DA:35,0
DA:36,0
DA:41,0
DA:42,0
DA:44,0
DA:49,0
DA:51,0
DA:55,0
DA:59,6
DA:60,0
DA:61,0
DA:63,0
DA:64,0
DA:65,0
DA:68,0
DA:69,0
DA:70,0
DA:72,0
DA:81,0
DA:83,0
DA:85,0
DA:89,6
DA:90,0
DA:92,0
DA:93,0
DA:96,0
DA:98,0
DA:99,0
DA:100,0
DA:101,0
DA:103,0
DA:108,6
DA:109,0
DA:110,0
DA:114,6
DA:115,0
DA:116,0
DA:120,6
DA:121,0
DA:122,0
DA:129,6
DA:130,0
DA:131,0
DA:132,0
DA:134,0
DA:139,6
DA:140,0
DA:141,0
DA:142,0
DA:144,0
DA:149,6
DA:150,0
DA:151,0
DA:154,0
DA:155,0
DA:156,0
DA:158,0
DA:163,6
DA:164,0
DA:165,0
DA:166,0
DA:167,0
DA:169,0
DA:171,0
DA:178,6
DA:180,0
DA:181,0
DA:182,0
DA:183,0
DA:187,0
DA:189,0
DA:190,0
DA:195,0
DA:196,0
DA:197,0
DA:200,0
DA:201,0
DA:203,0
DA:211,6
DA:212,0
DA:213,0
DA:214,0
DA:215,0
DA:217,0
DA:222,6
DA:225,0
DA:226,0
DA:229,0
DA:232,0
DA:234,0
DA:235,0
DA:238,0
DA:239,0
DA:241,0
DA:250,6
LF:116
LH:22
BRDA:13,0,0,0
BRDA:13,0,1,0
BRDA:35,1,0,0
BRDA:35,1,1,0
BRDA:64,2,0,0
BRDA:64,2,1,0
BRDA:69,3,0,0
BRDA:69,3,1,0
BRDA:92,4,0,0
BRDA:92,4,1,0
BRDA:150,5,0,0
BRDA:150,5,1,0
BRDA:182,6,0,0
BRDA:182,6,1,0
BRDA:189,7,0,0
BRDA:189,7,1,0
BRDA:195,8,0,0
BRDA:195,8,1,0
BRDA:195,9,0,0
BRDA:195,9,1,0
BRDA:234,10,0,0
BRDA:234,10,1,0
BRF:22
BRH:0
end_of_record
TN:
SF:routes\contracts.js
FN:9,(anonymous_0)
FN:17,(anonymous_1)
FN:36,(anonymous_2)
FN:41,(anonymous_3)
FN:106,(anonymous_4)
FN:140,getContract
FN:154,(anonymous_6)
FN:165,(anonymous_7)
FNF:8
FNH:0
FNDA:0,(anonymous_0)
FNDA:0,(anonymous_1)
FNDA:0,(anonymous_2)
FNDA:0,(anonymous_3)
FNDA:0,(anonymous_4)
FNDA:0,getContract
FNDA:0,(anonymous_6)
FNDA:0,(anonymous_7)
DA:1,6
DA:2,6
DA:3,6
DA:4,6
DA:5,6
DA:6,6
DA:9,6
DA:10,0
DA:11,0
DA:12,0
DA:14,0
DA:17,6
DA:18,0
DA:20,0
DA:21,0
DA:22,0
DA:23,0
DA:24,0
DA:25,0
DA:27,0
DA:29,0
DA:31,0
DA:36,6
DA:37,0
DA:41,6
DA:42,0
DA:43,0
DA:52,0
DA:53,0
DA:54,0
DA:55,0
DA:56,0
DA:59,0
DA:60,0
DA:61,0
DA:63,0
DA:68,0
DA:69,0
DA:70,0
DA:72,0
DA:73,0
DA:75,0
DA:88,0
DA:89,0
DA:94,0
DA:95,0
DA:96,0
DA:98,0
DA:106,6
DA:107,0
DA:108,0
DA:111,0
DA:112,0
DA:113,0
DA:114,0
DA:118,0
DA:120,0
DA:121,0
DA:126,0
DA:127,0
DA:128,0
DA:131,0
DA:132,0
DA:134,0
DA:142,0
DA:143,0
DA:144,0
DA:145,0
DA:148,0
DA:150,0
DA:151,0
DA:154,6
DA:155,0
DA:156,0
DA:157,0
DA:158,0
DA:160,0
DA:165,6
DA:166,0
DA:167,0
DA:170,0
DA:171,0
DA:174,0
DA:177,0
DA:179,0
DA:180,0
DA:184,0
DA:185,0
DA:187,0
DA:191,6
LF:90
LH:14
BRDA:22,0,0,0
BRDA:22,0,1,0
BRDA:24,1,0,0
BRDA:24,1,1,0
BRDA:42,2,0,0
BRDA:42,2,1,0
BRDA:61,3,0,0
BRDA:61,3,1,0
BRDA:69,4,0,0
BRDA:69,4,1,0
BRDA:88,5,0,0
BRDA:88,5,1,0
BRDA:107,6,0,0
BRDA:107,6,1,0
BRDA:113,7,0,0
BRDA:113,7,1,0
BRDA:120,8,0,0
BRDA:120,8,1,0
BRDA:126,9,0,0
BRDA:126,9,1,0
BRDA:126,10,0,0
BRDA:126,10,1,0
BRDA:144,11,0,0
BRDA:144,11,1,0
BRDA:166,12,0,0
BRDA:166,12,1,0
BRDA:179,13,0,0
BRDA:179,13,1,0
BRF:28
BRH:0
end_of_record
TN:
SF:routes\transactions.js
FN:8,(anonymous_0)
FN:13,(anonymous_1)
FN:54,(anonymous_2)
FN:65,(anonymous_3)
FN:74,getTransaction
FNF:5
FNH:0
FNDA:0,(anonymous_0)
FNDA:0,(anonymous_1)
FNDA:0,(anonymous_2)
FNDA:0,(anonymous_3)
FNDA:0,getTransaction
DA:1,6
DA:2,6
DA:3,6
DA:4,6
DA:5,6
DA:8,6
DA:9,0
DA:13,6
DA:14,0
DA:16,0
DA:17,0
DA:18,0
DA:23,0
DA:24,0
DA:30,0
DA:31,0
DA:39,0
DA:42,0
DA:44,0
DA:45,0
DA:46,0
DA:48,0
DA:54,6
DA:55,0
DA:56,0
DA:57,0
DA:58,0
DA:60,0
DA:65,6
DA:66,0
DA:67,0
DA:68,0
DA:70,0
DA:76,0
DA:77,0
DA:78,0
DA:79,0
DA:82,0
DA:84,0
DA:85,0
DA:88,6
LF:41
LH:10
BRDA:17,0,0,0
BRDA:17,0,1,0
BRDA:23,1,0,0
BRDA:23,1,1,0
BRDA:30,2,0,0
BRDA:30,2,1,0
BRDA:78,3,0,0
BRDA:78,3,1,0
BRF:8
BRH:0
end_of_record
TN:
SF:routes\users.js
FN:11,(anonymous_0)
FN:63,(anonymous_1)
FN:105,(anonymous_2)
FN:133,(anonymous_3)
FN:167,(anonymous_4)
FN:182,(anonymous_5)
FN:195,(anonymous_6)
FN:214,authenticate
FN:234,(anonymous_8)
FN:242,(anonymous_9)
FN:267,(anonymous_10)
FN:280,(anonymous_11)
FN:287,(anonymous_12)
FN:300,(anonymous_13)
FNF:14
FNH:0
FNDA:0,(anonymous_0)
FNDA:0,(anonymous_1)
FNDA:0,(anonymous_2)
FNDA:0,(anonymous_3)
FNDA:0,(anonymous_4)
FNDA:0,(anonymous_5)
FNDA:0,(anonymous_6)
FNDA:0,authenticate
FNDA:0,(anonymous_8)
FNDA:0,(anonymous_9)
FNDA:0,(anonymous_10)
FNDA:0,(anonymous_11)
FNDA:0,(anonymous_12)
FNDA:0,(anonymous_13)
DA:1,6
DA:2,6
DA:3,6
DA:4,6
DA:5,6
DA:6,6
DA:7,6
DA:8,6
DA:9,6
DA:11,6
DA:12,0
DA:24,0
DA:25,0
DA:26,0
DA:27,0
DA:28,0
DA:31,0
DA:32,0
DA:34,0
DA:38,0
DA:39,0
DA:53,0
DA:55,0
DA:59,0
DA:63,6
DA:64,0
DA:73,0
DA:74,0
DA:76,0
DA:77,0
DA:82,0
DA:83,0
DA:84,0
DA:87,0
DA:88,0
DA:89,0
DA:90,0
DA:91,0
DA:92,0
DA:93,0
DA:95,0
DA:97,0
DA:101,0
DA:105,6
DA:106,0
DA:107,0
DA:109,0
DA:110,0
DA:111,0
DA:114,0
DA:115,0
DA:116,0
DA:118,0
DA:128,0
DA:130,0
DA:133,6
DA:134,0
DA:135,0
DA:137,0
DA:138,0
DA:139,0
DA:141,0
DA:143,0
DA:144,0
DA:146,0
DA:149,0
DA:150,0
DA:152,0
DA:155,0
DA:156,0
DA:158,0
DA:161,0
DA:163,0
DA:167,6
DA:168,0
DA:169,0
DA:170,0
DA:172,0
DA:173,0
DA:176,0
DA:178,0
DA:182,6
DA:183,0
DA:184,0
DA:185,0
DA:186,0
DA:187,0
DA:189,0
DA:191,0
DA:195,6
DA:196,0
DA:198,0
DA:199,0
DA:203,0
DA:205,0
DA:206,0
DA:207,0
DA:208,0
DA:210,0
DA:215,0
DA:216,0
DA:218,0
DA:219,0
DA:223,0
DA:225,0
DA:226,0
DA:227,0
DA:229,0
DA:231,0
DA:234,6
DA:235,0
DA:236,0
DA:238,6
DA:243,0
DA:244,0
DA:247,0
DA:248,0
DA:249,0
DA:250,0
DA:254,0
DA:255,0
DA:257,0
DA:262,0
DA:267,6
DA:268,0
DA:269,0
DA:270,0
DA:272,0
DA:273,0
DA:280,6
DA:281,0
DA:283,0
DA:286,0
DA:287,0
DA:294,0
DA:295,0
DA:300,6
DA:301,0
DA:302,0
DA:304,0
DA:305,0
DA:306,0
DA:310,0
DA:312,0
DA:313,0
DA:315,0
DA:319,6
LF:147
LH:22
BRDA:27,0,0,0
BRDA:27,0,1,0
BRDA:76,1,0,0
BRDA:76,1,1,0
BRDA:83,2,0,0
BRDA:83,2,1,0
BRDA:87,3,0,0
BRDA:87,3,1,0
BRDA:88,4,0,0
BRDA:88,4,1,0
BRDA:89,5,0,0
BRDA:89,5,1,0
BRDA:90,6,0,0
BRDA:90,6,1,0
BRDA:91,7,0,0
BRDA:91,7,1,0
BRDA:92,8,0,0
BRDA:92,8,1,0
BRDA:93,9,0,0
BRDA:93,9,1,0
BRDA:110,10,0,0
BRDA:110,10,1,0
BRDA:115,11,0,0
BRDA:115,11,1,0
BRDA:143,12,0,0
BRDA:143,12,1,0
BRDA:149,13,0,0
BRDA:149,13,1,0
BRDA:155,14,0,0
BRDA:155,14,1,0
BRDA:172,15,0,0
BRDA:172,15,1,0
BRDA:186,16,0,0
BRDA:186,16,1,0
BRDA:198,17,0,0
BRDA:198,17,1,0
BRDA:218,18,0,0
BRDA:218,18,1,0
BRDA:235,19,0,0
BRDA:235,19,1,0
BRDA:243,20,0,0
BRDA:243,20,1,0
BRDA:249,21,0,0
BRDA:249,21,1,0
BRDA:269,22,0,0
BRDA:269,22,1,0
BRDA:305,23,0,0
BRDA:305,23,1,0
BRF:48
BRH:0
end_of_record
TN:
SF:routes\wallets.js
FN:7,(anonymous_0)
FN:12,(anonymous_1)
FN:25,getWallet
FNF:3
FNH:0
FNDA:0,(anonymous_0)
FNDA:0,(anonymous_1)
FNDA:0,getWallet
DA:1,6
DA:2,6
DA:3,6
DA:4,6
DA:7,6
DA:8,0
DA:12,6
DA:13,0
DA:14,0
DA:15,0
DA:16,0
DA:18,0
DA:27,0
DA:28,0
DA:29,0
DA:30,0
DA:33,0
DA:35,0
DA:36,0
DA:38,6
LF:20
LH:7
BRDA:29,0,0,0
BRDA:29,0,1,0
BRF:2
BRH:0
end_of_record
